#
# There is insufficient memory for the Java Runtime Environment to continue.
# Native memory allocation (mmap) failed to map 269484032 bytes for committing reserved memory.
# Possible reasons:
#   The system is out of physical RAM or swap space
#   The process is running with CompressedOops enabled, and the Java Heap may be blocking the growth of the native heap
# Possible solutions:
#   Reduce memory load on the system
#   Increase physical memory or swap space
#   Check if swap backing store is full
#   Decrease Java heap size (-Xmx/-Xms)
#   Decrease number of Java threads
#   Decrease Java thread stack sizes (-Xss)
#   Set larger code cache with -XX:ReservedCodeCacheSize=
#   JVM is running with Unscaled Compressed Oops mode in which the Java heap is
#     placed in the first 4GB address space. The Java Heap base address is the
#     maximum limit for the native heap growth. Please use -XX:HeapBaseMinAddress
#     to set the Java Heap base and to place the Java Heap above 4GB virtual address.
# This output file may be truncated or incomplete.
#
#  Out of Memory Error (os_linux.cpp:2908), pid=23115, tid=23120
#
# JRE version: OpenJDK Runtime Environment (14.0.2+13) (build 14.0.2+13)
# Java VM: OpenJDK 64-Bit Server VM (14.0.2+13, mixed mode, sharing, tiered, compressed oops, g1 gc, linux-amd64)
# Core dump will be written. Default location: Core dumps may be processed with "/lib/systemd/systemd-coredump %P %u %g %s %t 9223372036854775808 %e" (or dumping to /home/giuseppe/Scrivania/VisitEasy/core.23115)
#

---------------  S U M M A R Y ------------

Command Line: -javaagent:/home/giuseppe/Scaricati/idea-IU-202.7660.26/lib/idea_rt.jar=39063:/home/giuseppe/Scaricati/idea-IU-202.7660.26/bin -Dfile.encoding=UTF-8 it.unipi.dii.inginf.lsdb.group9.visiteasy.Main

Host: Intel(R) Core(TM) i7-8750H CPU @ 2.20GHz, 12 cores, 7G, Linux Mint 19.3 Tricia
Time: Thu Jan  7 22:24:02 2021 CET elapsed time: 4 seconds (0d 0h 0m 4s)

---------------  T H R E A D  ---------------

Current thread (0x00007f98c802b800):  JavaThread "main" [_thread_in_vm, id=23120, stack(0x00007f98cf354000,0x00007f98cf455000)]

Stack: [0x00007f98cf354000,0x00007f98cf455000],  sp=0x00007f98cf452c40,  free space=1019k
Native frames: (J=compiled Java code, A=aot compiled Java code, j=interpreted, Vv=VM code, C=native code)
V  [libjvm.so+0xea4de6]  VMError::report_and_die(int, char const*, char const*, __va_list_tag*, Thread*, unsigned char*, void*, void*, char const*, int, unsigned long)+0x396
V  [libjvm.so+0xea59ab]  VMError::report_and_die(Thread*, char const*, int, unsigned long, VMErrorType, char const*, __va_list_tag*)+0x2b
V  [libjvm.so+0x5be305]  report_vm_out_of_memory(char const*, int, unsigned long, VMErrorType, char const*, ...)+0xd5
V  [libjvm.so+0xbbdac8]  os::pd_commit_memory_or_exit(char*, unsigned long, unsigned long, bool, char const*)+0x108
V  [libjvm.so+0xbb4e9d]  os::commit_memory_or_exit(char*, unsigned long, unsigned long, bool, char const*)+0x1d
V  [libjvm.so+0x6fb53c]  G1PageBasedVirtualSpace::commit_preferred_pages(unsigned long, unsigned long)+0x6c
V  [libjvm.so+0x6fb8c4]  G1PageBasedVirtualSpace::commit(unsigned long, unsigned long)+0x144
V  [libjvm.so+0x70b782]  G1RegionsLargerThanCommitSizeMapper::commit_regions(unsigned int, unsigned long, WorkGang*)+0x52
V  [libjvm.so+0x7940b0]  HeapRegionManager::commit_regions(unsigned int, unsigned long, WorkGang*)+0x80
V  [libjvm.so+0x7954b2]  HeapRegionManager::make_regions_available(unsigned int, unsigned int, WorkGang*)+0x42
V  [libjvm.so+0x795a09]  HeapRegionManager::expand_at(unsigned int, unsigned int, WorkGang*)+0x119
V  [libjvm.so+0x6ac67a]  G1CollectedHeap::humongous_obj_allocate(unsigned long)+0xea
V  [libjvm.so+0x6ad21b]  G1CollectedHeap::attempt_allocation_humongous(unsigned long)+0xbb
V  [libjvm.so+0x6ae0cd]  G1CollectedHeap::mem_allocate(unsigned long, bool*)+0x11d
V  [libjvm.so+0xb03734]  MemAllocator::allocate() const+0x84
V  [libjvm.so+0xe61c18]  TypeArrayKlass::allocate_common(int, bool, Thread*)+0xb8
V  [libjvm.so+0xc78676]  OptoRuntime::new_array_nozero_C(Klass*, int, JavaThread*)+0x26

Java frames: (J=compiled Java code, j=interpreted, Vv=VM code)
v  ~RuntimeStub::_new_array_nozero_Java
J 803 c2 java.io.StringWriter.write([CII)V java.base@14.0.2 (53 bytes) @ 0x00007f98b64eb0e4 [0x00007f98b64ea9a0+0x0000000000000744]
j  org.apache.commons.io.IOUtils.copyLarge(Ljava/io/Reader;Ljava/io/Writer;)J+28
j  org.apache.commons.io.IOUtils.copy(Ljava/io/Reader;Ljava/io/Writer;)I+2
j  org.apache.commons.io.IOUtils.copy(Ljava/io/InputStream;Ljava/io/Writer;Ljava/lang/String;)V+24
j  org.apache.commons.io.IOUtils.toString(Ljava/io/InputStream;Ljava/lang/String;)Ljava/lang/String;+11
j  org.apache.commons.io.FileUtils.readFileToString(Ljava/io/File;Ljava/lang/String;)Ljava/lang/String;+9
j  it.unipi.dii.inginf.lsdb.group9.visiteasy.MongoManager.populatedb(Ljava/lang/String;)V+10
j  it.unipi.dii.inginf.lsdb.group9.visiteasy.Main.main([Ljava/lang/String;)V+63
v  ~StubRoutines::call_stub

---------------  P R O C E S S  ---------------

Threads class SMR info:
_java_thread_list=0x00007f987c002830, length=14, elements={
0x00007f98c802b800, 0x00007f98c818c800, 0x00007f98c818e800, 0x00007f98c8194800,
0x00007f98c8196800, 0x00007f98c8198800, 0x00007f98c819a800, 0x00007f98c819c800,
0x00007f98c81c2800, 0x00007f98c828a800, 0x00007f98c828b800, 0x00007f98c83c1000,
0x00007f98c83c0000, 0x00007f987c001000
}

Java Threads: ( => current thread )
=>0x00007f98c802b800 JavaThread "main" [_thread_in_vm, id=23120, stack(0x00007f98cf354000,0x00007f98cf455000)]
  0x00007f98c818c800 JavaThread "Reference Handler" daemon [_thread_blocked, id=23128, stack(0x00007f98a83c7000,0x00007f98a84c8000)]
  0x00007f98c818e800 JavaThread "Finalizer" daemon [_thread_blocked, id=23131, stack(0x00007f98a82c6000,0x00007f98a83c7000)]
  0x00007f98c8194800 JavaThread "Signal Dispatcher" daemon [_thread_blocked, id=23132, stack(0x00007f98a81c5000,0x00007f98a82c6000)]
  0x00007f98c8196800 JavaThread "Service Thread" daemon [_thread_blocked, id=23135, stack(0x00007f98a80c4000,0x00007f98a81c5000)]
  0x00007f98c8198800 JavaThread "C2 CompilerThread0" daemon [_thread_blocked, id=23136, stack(0x00007f989941f000,0x00007f9899520000)]
  0x00007f98c819a800 JavaThread "C1 CompilerThread0" daemon [_thread_blocked, id=23138, stack(0x00007f989931e000,0x00007f989941f000)]
  0x00007f98c819c800 JavaThread "Sweeper thread" daemon [_thread_blocked, id=23140, stack(0x00007f989921d000,0x00007f989931e000)]
  0x00007f98c81c2800 JavaThread "Common-Cleaner" daemon [_thread_blocked, id=23145, stack(0x00007f989911c000,0x00007f989921d000)]
  0x00007f98c828a800 JavaThread "Monitor Ctrl-Break" daemon [_thread_in_native, id=23146, stack(0x00007f9898bf2000,0x00007f9898cf3000)]
  0x00007f98c828b800 JavaThread "Notification Thread" daemon [_thread_blocked, id=23147, stack(0x00007f9898af1000,0x00007f9898bf2000)]
  0x00007f98c83c1000 JavaThread "cluster-ClusterId{value='5ff77beeb9873b528c95a2a8', description='null'}-localhost:27017" daemon [_thread_blocked, id=23149, stack(0x00007f98986eb000,0x00007f98987ec000)]
  0x00007f98c83c0000 JavaThread "cluster-rtt-ClusterId{value='5ff77beeb9873b528c95a2a8', description='null'}-localhost:27017" daemon [_thread_blocked, id=23150, stack(0x00007f98985ea000,0x00007f98986eb000)]
  0x00007f987c001000 JavaThread "Attach Listener" daemon [_thread_blocked, id=23161, stack(0x00007f98984e9000,0x00007f98985ea000)]

Other Threads:
  0x00007f98c818a000 VMThread "VM Thread" [stack: 0x00007f98a84ca000,0x00007f98a85ca000] [id=23126]
  0x00007f98c828d800 WatcherThread [stack: 0x00007f98989f1000,0x00007f9898af1000] [id=23148]
  0x00007f98c806d800 GCTaskThread "GC Thread#0" [stack: 0x00007f98a945f000,0x00007f98a955f000] [id=23121]
  0x00007f9890001000 GCTaskThread "GC Thread#1" [stack: 0x00007f98981da000,0x00007f98982da000] [id=23162]
  0x00007f9890002800 GCTaskThread "GC Thread#2" [stack: 0x00007f98980d8000,0x00007f98981d8000] [id=23163]
  0x00007f9890008000 GCTaskThread "GC Thread#3" [stack: 0x00007f984bcfc000,0x00007f984bdfc000] [id=23166]
  0x00007f9890012000 GCTaskThread "GC Thread#4" [stack: 0x00007f984bbfa000,0x00007f984bcfa000] [id=23167]
  0x00007f9890013000 GCTaskThread "GC Thread#5" [stack: 0x00007f984baf8000,0x00007f984bbf8000] [id=23168]
  0x00007f9890014800 GCTaskThread "GC Thread#6" [stack: 0x00007f984b9f6000,0x00007f984baf6000] [id=23169]
  0x00007f9890015800 GCTaskThread "GC Thread#7" [stack: 0x00007f984b8f4000,0x00007f984b9f4000] [id=23170]
  0x00007f98c807e800 ConcurrentGCThread "G1 Main Marker" [stack: 0x00007f98a935d000,0x00007f98a945d000] [id=23122]
  0x00007f98c8080800 ConcurrentGCThread "G1 Conc#0" [stack: 0x00007f98a925b000,0x00007f98a935b000] [id=23123]
  0x00007f989c001000 ConcurrentGCThread "G1 Conc#1" [stack: 0x00007f984bf00000,0x00007f984c000000] [id=23164]
  0x00007f989c002800 ConcurrentGCThread "G1 Conc#2" [stack: 0x00007f984bdfe000,0x00007f984befe000] [id=23165]
  0x00007f98c8110000 ConcurrentGCThread "G1 Refine#0" [stack: 0x00007f98a874f000,0x00007f98a884f000] [id=23124]
  0x00007f98c8111800 ConcurrentGCThread "G1 Young RemSet Sampling" [stack: 0x00007f98a864d000,0x00007f98a874d000] [id=23125]

Threads with active compile tasks:

VM state:not at safepoint (normal execution)

VM Mutex/Monitor currently owned by a thread:  ([mutex/lock_event])
[0x00007f98c8026ce0] Heap_lock - owner thread: 0x00007f98c802b800

Heap address: 0x0000000085c00000, size: 1956 MB, Compressed Oops mode: 32-bit
Narrow klass base: 0x0000000800000000, Narrow klass shift: 3
Compressed class space size: 1073741824 Address: 0x0000000800b26000

Heap:
 garbage-first heap   total 605184K, used 135466K [0x0000000085c00000, 0x0000000100000000)
  region size 1024K, 1 young (1024K), 1 survivors (1024K)
 Metaspace       used 4632K, capacity 6942K, committed 7296K, reserved 1056768K
  class space    used 539K, capacity 764K, committed 896K, reserved 1048576K
Heap Regions: E=young(eden), S=young(survivor), O=old, HS=humongous(starts), HC=humongous(continues), CS=collection set, F=free, OA=open archive, CA=closed archive, TAMS=top-at-mark-start (previous, next)
|   0|0x0000000085c00000, 0x0000000085d00000, 0x0000000085d00000|100%| O|  |TAMS 0x0000000085d00000, 0x0000000085d00000| Untracked 
|   1|0x0000000085d00000, 0x0000000085e00000, 0x0000000085e00000|100%| O|  |TAMS 0x0000000085e00000, 0x0000000085e00000| Untracked 
|   2|0x0000000085e00000, 0x0000000085e70a00, 0x0000000085f00000| 43%| O|  |TAMS 0x0000000085e70a00, 0x0000000085e70a00| Untracked 
|   3|0x0000000085f00000, 0x0000000085f00000, 0x0000000086000000|  0%| F|  |TAMS 0x0000000085f00000, 0x0000000085f00000| Untracked 
|   4|0x0000000086000000, 0x0000000086000000, 0x0000000086100000|  0%| F|  |TAMS 0x0000000086000000, 0x0000000086000000| Untracked 
|   5|0x0000000086100000, 0x0000000086100000, 0x0000000086200000|  0%| F|  |TAMS 0x0000000086100000, 0x0000000086100000| Untracked 
|   6|0x0000000086200000, 0x0000000086200000, 0x0000000086300000|  0%| F|  |TAMS 0x0000000086200000, 0x0000000086200000| Untracked 
|   7|0x0000000086300000, 0x0000000086300000, 0x0000000086400000|  0%| F|  |TAMS 0x0000000086300000, 0x0000000086300000| Untracked 
|   8|0x0000000086400000, 0x0000000086400000, 0x0000000086500000|  0%| F|  |TAMS 0x0000000086400000, 0x0000000086400000| Untracked 
|   9|0x0000000086500000, 0x0000000086500000, 0x0000000086600000|  0%| F|  |TAMS 0x0000000086500000, 0x0000000086500000| Untracked 
|  10|0x0000000086600000, 0x0000000086600000, 0x0000000086700000|  0%| F|  |TAMS 0x0000000086600000, 0x0000000086600000| Untracked 
|  11|0x0000000086700000, 0x0000000086700000, 0x0000000086800000|  0%| F|  |TAMS 0x0000000086700000, 0x0000000086700000| Untracked 
|  12|0x0000000086800000, 0x0000000086800000, 0x0000000086900000|  0%| F|  |TAMS 0x0000000086800000, 0x0000000086800000| Untracked 
|  13|0x0000000086900000, 0x0000000086900000, 0x0000000086a00000|  0%| F|  |TAMS 0x0000000086900000, 0x0000000086900000| Untracked 
|  14|0x0000000086a00000, 0x0000000086a00000, 0x0000000086b00000|  0%| F|  |TAMS 0x0000000086a00000, 0x0000000086a00000| Untracked 
|  15|0x0000000086b00000, 0x0000000086b00000, 0x0000000086c00000|  0%| F|  |TAMS 0x0000000086b00000, 0x0000000086b00000| Untracked 
|  16|0x0000000086c00000, 0x0000000086c00000, 0x0000000086d00000|  0%| F|  |TAMS 0x0000000086c00000, 0x0000000086c00000| Untracked 
|  17|0x0000000086d00000, 0x0000000086d00000, 0x0000000086e00000|  0%| F|  |TAMS 0x0000000086d00000, 0x0000000086d00000| Untracked 
|  18|0x0000000086e00000, 0x0000000086e00000, 0x0000000086f00000|  0%| F|  |TAMS 0x0000000086e00000, 0x0000000086e00000| Untracked 
|  19|0x0000000086f00000, 0x0000000086f00000, 0x0000000087000000|  0%| F|  |TAMS 0x0000000086f00000, 0x0000000086f00000| Untracked 
|  20|0x0000000087000000, 0x0000000087000000, 0x0000000087100000|  0%| F|  |TAMS 0x0000000087000000, 0x0000000087000000| Untracked 
|  21|0x0000000087100000, 0x0000000087100000, 0x0000000087200000|  0%| F|  |TAMS 0x0000000087100000, 0x0000000087100000| Untracked 
|  22|0x0000000087200000, 0x0000000087200000, 0x0000000087300000|  0%| F|  |TAMS 0x0000000087200000, 0x0000000087200000| Untracked 
|  23|0x0000000087300000, 0x0000000087300000, 0x0000000087400000|  0%| F|  |TAMS 0x0000000087300000, 0x0000000087300000| Untracked 
|  24|0x0000000087400000, 0x0000000087400000, 0x0000000087500000|  0%| F|  |TAMS 0x0000000087400000, 0x0000000087400000| Untracked 
|  25|0x0000000087500000, 0x0000000087500000, 0x0000000087600000|  0%| F|  |TAMS 0x0000000087500000, 0x0000000087500000| Untracked 
|  26|0x0000000087600000, 0x0000000087600000, 0x0000000087700000|  0%| F|  |TAMS 0x0000000087600000, 0x0000000087600000| Untracked 
|  27|0x0000000087700000, 0x0000000087700000, 0x0000000087800000|  0%| F|  |TAMS 0x0000000087700000, 0x0000000087700000| Untracked 
|  28|0x0000000087800000, 0x0000000087800000, 0x0000000087900000|  0%| F|  |TAMS 0x0000000087800000, 0x0000000087800000| Untracked 
|  29|0x0000000087900000, 0x0000000087900000, 0x0000000087a00000|  0%| F|  |TAMS 0x0000000087900000, 0x0000000087900000| Untracked 
|  30|0x0000000087a00000, 0x0000000087a00000, 0x0000000087b00000|  0%| F|  |TAMS 0x0000000087a00000, 0x0000000087a00000| Untracked 
|  31|0x0000000087b00000, 0x0000000087b00000, 0x0000000087c00000|  0%| F|  |TAMS 0x0000000087b00000, 0x0000000087b00000| Untracked 
|  32|0x0000000087c00000, 0x0000000087c00000, 0x0000000087d00000|  0%| F|  |TAMS 0x0000000087c00000, 0x0000000087c00000| Untracked 
|  33|0x0000000087d00000, 0x0000000087d00000, 0x0000000087e00000|  0%| F|  |TAMS 0x0000000087d00000, 0x0000000087d00000| Untracked 
|  34|0x0000000087e00000, 0x0000000087e00000, 0x0000000087f00000|  0%| F|  |TAMS 0x0000000087e00000, 0x0000000087e00000| Untracked 
|  35|0x0000000087f00000, 0x0000000087f00000, 0x0000000088000000|  0%| F|  |TAMS 0x0000000087f00000, 0x0000000087f00000| Untracked 
|  36|0x0000000088000000, 0x0000000088000000, 0x0000000088100000|  0%| F|  |TAMS 0x0000000088000000, 0x0000000088000000| Untracked 
|  37|0x0000000088100000, 0x0000000088100000, 0x0000000088200000|  0%| F|  |TAMS 0x0000000088100000, 0x0000000088100000| Untracked 
|  38|0x0000000088200000, 0x0000000088200000, 0x0000000088300000|  0%| F|  |TAMS 0x0000000088200000, 0x0000000088200000| Untracked 
|  39|0x0000000088300000, 0x0000000088300000, 0x0000000088400000|  0%| F|  |TAMS 0x0000000088300000, 0x0000000088300000| Untracked 
|  40|0x0000000088400000, 0x0000000088400000, 0x0000000088500000|  0%| F|  |TAMS 0x0000000088400000, 0x0000000088400000| Untracked 
|  41|0x0000000088500000, 0x0000000088500000, 0x0000000088600000|  0%| F|  |TAMS 0x0000000088500000, 0x0000000088500000| Untracked 
|  42|0x0000000088600000, 0x0000000088600000, 0x0000000088700000|  0%| F|  |TAMS 0x0000000088600000, 0x0000000088600000| Untracked 
|  43|0x0000000088700000, 0x0000000088700000, 0x0000000088800000|  0%| F|  |TAMS 0x0000000088700000, 0x0000000088700000| Untracked 
|  44|0x0000000088800000, 0x0000000088800000, 0x0000000088900000|  0%| F|  |TAMS 0x0000000088800000, 0x0000000088800000| Untracked 
|  45|0x0000000088900000, 0x0000000088900000, 0x0000000088a00000|  0%| F|  |TAMS 0x0000000088900000, 0x0000000088900000| Untracked 
|  46|0x0000000088a00000, 0x0000000088a00000, 0x0000000088b00000|  0%| F|  |TAMS 0x0000000088a00000, 0x0000000088a00000| Untracked 
|  47|0x0000000088b00000, 0x0000000088b00000, 0x0000000088c00000|  0%| F|  |TAMS 0x0000000088b00000, 0x0000000088b00000| Untracked 
|  48|0x0000000088c00000, 0x0000000088c00000, 0x0000000088d00000|  0%| F|  |TAMS 0x0000000088c00000, 0x0000000088c00000| Untracked 
|  49|0x0000000088d00000, 0x0000000088d00000, 0x0000000088e00000|  0%| F|  |TAMS 0x0000000088d00000, 0x0000000088d00000| Untracked 
|  50|0x0000000088e00000, 0x0000000088e00000, 0x0000000088f00000|  0%| F|  |TAMS 0x0000000088e00000, 0x0000000088e00000| Untracked 
|  51|0x0000000088f00000, 0x0000000088f00000, 0x0000000089000000|  0%| F|  |TAMS 0x0000000088f00000, 0x0000000088f00000| Untracked 
|  52|0x0000000089000000, 0x0000000089000000, 0x0000000089100000|  0%| F|  |TAMS 0x0000000089000000, 0x0000000089000000| Untracked 
|  53|0x0000000089100000, 0x0000000089100000, 0x0000000089200000|  0%| F|  |TAMS 0x0000000089100000, 0x0000000089100000| Untracked 
|  54|0x0000000089200000, 0x0000000089200000, 0x0000000089300000|  0%| F|  |TAMS 0x0000000089200000, 0x0000000089200000| Untracked 
|  55|0x0000000089300000, 0x0000000089300000, 0x0000000089400000|  0%| F|  |TAMS 0x0000000089300000, 0x0000000089300000| Untracked 
|  56|0x0000000089400000, 0x0000000089400000, 0x0000000089500000|  0%| F|  |TAMS 0x0000000089400000, 0x0000000089400000| Untracked 
|  57|0x0000000089500000, 0x0000000089500000, 0x0000000089600000|  0%| F|  |TAMS 0x0000000089500000, 0x0000000089500000| Untracked 
|  58|0x0000000089600000, 0x0000000089600000, 0x0000000089700000|  0%| F|  |TAMS 0x0000000089600000, 0x0000000089600000| Untracked 
|  59|0x0000000089700000, 0x0000000089700000, 0x0000000089800000|  0%| F|  |TAMS 0x0000000089700000, 0x0000000089700000| Untracked 
|  60|0x0000000089800000, 0x0000000089800000, 0x0000000089900000|  0%| F|  |TAMS 0x0000000089800000, 0x0000000089800000| Untracked 
|  61|0x0000000089900000, 0x0000000089900000, 0x0000000089a00000|  0%| F|  |TAMS 0x0000000089900000, 0x0000000089900000| Untracked 
|  62|0x0000000089a00000, 0x0000000089a00000, 0x0000000089b00000|  0%| F|  |TAMS 0x0000000089a00000, 0x0000000089a00000| Untracked 
|  63|0x0000000089b00000, 0x0000000089b00000, 0x0000000089c00000|  0%| F|  |TAMS 0x0000000089b00000, 0x0000000089b00000| Untracked 
|  64|0x0000000089c00000, 0x0000000089c00000, 0x0000000089d00000|  0%| F|  |TAMS 0x0000000089c00000, 0x0000000089c00000| Untracked 
|  65|0x0000000089d00000, 0x0000000089d00000, 0x0000000089e00000|  0%| F|  |TAMS 0x0000000089d00000, 0x0000000089d00000| Untracked 
|  66|0x0000000089e00000, 0x0000000089e00000, 0x0000000089f00000|  0%| F|  |TAMS 0x0000000089e00000, 0x0000000089e00000| Untracked 
|  67|0x0000000089f00000, 0x0000000089f00000, 0x000000008a000000|  0%| F|  |TAMS 0x0000000089f00000, 0x0000000089f00000| Untracked 
|  68|0x000000008a000000, 0x000000008a000000, 0x000000008a100000|  0%| F|  |TAMS 0x000000008a000000, 0x000000008a000000| Untracked 
|  69|0x000000008a100000, 0x000000008a100000, 0x000000008a200000|  0%| F|  |TAMS 0x000000008a100000, 0x000000008a100000| Untracked 
|  70|0x000000008a200000, 0x000000008a200000, 0x000000008a300000|  0%| F|  |TAMS 0x000000008a200000, 0x000000008a200000| Untracked 
|  71|0x000000008a300000, 0x000000008a300000, 0x000000008a400000|  0%| F|  |TAMS 0x000000008a300000, 0x000000008a300000| Untracked 
|  72|0x000000008a400000, 0x000000008a400000, 0x000000008a500000|  0%| F|  |TAMS 0x000000008a400000, 0x000000008a400000| Untracked 
|  73|0x000000008a500000, 0x000000008a500000, 0x000000008a600000|  0%| F|  |TAMS 0x000000008a500000, 0x000000008a500000| Untracked 
|  74|0x000000008a600000, 0x000000008a600000, 0x000000008a700000|  0%| F|  |TAMS 0x000000008a600000, 0x000000008a600000| Untracked 
|  75|0x000000008a700000, 0x000000008a700000, 0x000000008a800000|  0%| F|  |TAMS 0x000000008a700000, 0x000000008a700000| Untracked 
|  76|0x000000008a800000, 0x000000008a800000, 0x000000008a900000|  0%| F|  |TAMS 0x000000008a800000, 0x000000008a800000| Untracked 
|  77|0x000000008a900000, 0x000000008a900000, 0x000000008aa00000|  0%| F|  |TAMS 0x000000008a900000, 0x000000008a900000| Untracked 
|  78|0x000000008aa00000, 0x000000008aa00000, 0x000000008ab00000|  0%| F|  |TAMS 0x000000008aa00000, 0x000000008aa00000| Untracked 
|  79|0x000000008ab00000, 0x000000008ab00000, 0x000000008ac00000|  0%| F|  |TAMS 0x000000008ab00000, 0x000000008ab00000| Untracked 
|  80|0x000000008ac00000, 0x000000008ac00000, 0x000000008ad00000|  0%| F|  |TAMS 0x000000008ac00000, 0x000000008ac00000| Untracked 
|  81|0x000000008ad00000, 0x000000008ad00000, 0x000000008ae00000|  0%| F|  |TAMS 0x000000008ad00000, 0x000000008ad00000| Untracked 
|  82|0x000000008ae00000, 0x000000008ae00000, 0x000000008af00000|  0%| F|  |TAMS 0x000000008ae00000, 0x000000008ae00000| Untracked 
|  83|0x000000008af00000, 0x000000008af00000, 0x000000008b000000|  0%| F|  |TAMS 0x000000008af00000, 0x000000008af00000| Untracked 
|  84|0x000000008b000000, 0x000000008b000000, 0x000000008b100000|  0%| F|  |TAMS 0x000000008b000000, 0x000000008b000000| Untracked 
|  85|0x000000008b100000, 0x000000008b100000, 0x000000008b200000|  0%| F|  |TAMS 0x000000008b100000, 0x000000008b100000| Untracked 
|  86|0x000000008b200000, 0x000000008b200000, 0x000000008b300000|  0%| F|  |TAMS 0x000000008b200000, 0x000000008b200000| Untracked 
|  87|0x000000008b300000, 0x000000008b300000, 0x000000008b400000|  0%| F|  |TAMS 0x000000008b300000, 0x000000008b300000| Untracked 
|  88|0x000000008b400000, 0x000000008b400000, 0x000000008b500000|  0%| F|  |TAMS 0x000000008b400000, 0x000000008b400000| Untracked 
|  89|0x000000008b500000, 0x000000008b500000, 0x000000008b600000|  0%| F|  |TAMS 0x000000008b500000, 0x000000008b500000| Untracked 
|  90|0x000000008b600000, 0x000000008b600000, 0x000000008b700000|  0%| F|  |TAMS 0x000000008b600000, 0x000000008b600000| Untracked 
|  91|0x000000008b700000, 0x000000008b700000, 0x000000008b800000|  0%| F|  |TAMS 0x000000008b700000, 0x000000008b700000| Untracked 
|  92|0x000000008b800000, 0x000000008b800000, 0x000000008b900000|  0%| F|  |TAMS 0x000000008b800000, 0x000000008b800000| Untracked 
|  93|0x000000008b900000, 0x000000008b900000, 0x000000008ba00000|  0%| F|  |TAMS 0x000000008b900000, 0x000000008b900000| Untracked 
|  94|0x000000008ba00000, 0x000000008ba00000, 0x000000008bb00000|  0%| F|  |TAMS 0x000000008ba00000, 0x000000008ba00000| Untracked 
|  95|0x000000008bb00000, 0x000000008bb00000, 0x000000008bc00000|  0%| F|  |TAMS 0x000000008bb00000, 0x000000008bb00000| Untracked 
|  96|0x000000008bc00000, 0x000000008bc00000, 0x000000008bd00000|  0%| F|  |TAMS 0x000000008bc00000, 0x000000008bc00000| Untracked 
|  97|0x000000008bd00000, 0x000000008bd00000, 0x000000008be00000|  0%| F|  |TAMS 0x000000008bd00000, 0x000000008bd00000| Untracked 
|  98|0x000000008be00000, 0x000000008be00000, 0x000000008bf00000|  0%| F|  |TAMS 0x000000008be00000, 0x000000008be00000| Untracked 
|  99|0x000000008bf00000, 0x000000008bf00000, 0x000000008c000000|  0%| F|  |TAMS 0x000000008bf00000, 0x000000008bf00000| Untracked 
| 100|0x000000008c000000, 0x000000008c000000, 0x000000008c100000|  0%| F|  |TAMS 0x000000008c000000, 0x000000008c000000| Untracked 
| 101|0x000000008c100000, 0x000000008c100000, 0x000000008c200000|  0%| F|  |TAMS 0x000000008c100000, 0x000000008c100000| Untracked 
| 102|0x000000008c200000, 0x000000008c200000, 0x000000008c300000|  0%| F|  |TAMS 0x000000008c200000, 0x000000008c200000| Untracked 
| 103|0x000000008c300000, 0x000000008c300000, 0x000000008c400000|  0%| F|  |TAMS 0x000000008c300000, 0x000000008c300000| Untracked 
| 104|0x000000008c400000, 0x000000008c400000, 0x000000008c500000|  0%| F|  |TAMS 0x000000008c400000, 0x000000008c400000| Untracked 
| 105|0x000000008c500000, 0x000000008c500000, 0x000000008c600000|  0%| F|  |TAMS 0x000000008c500000, 0x000000008c500000| Untracked 
| 106|0x000000008c600000, 0x000000008c600000, 0x000000008c700000|  0%| F|  |TAMS 0x000000008c600000, 0x000000008c600000| Untracked 
| 107|0x000000008c700000, 0x000000008c700000, 0x000000008c800000|  0%| F|  |TAMS 0x000000008c700000, 0x000000008c700000| Untracked 
| 108|0x000000008c800000, 0x000000008c800000, 0x000000008c900000|  0%| F|  |TAMS 0x000000008c800000, 0x000000008c800000| Untracked 
| 109|0x000000008c900000, 0x000000008c900000, 0x000000008ca00000|  0%| F|  |TAMS 0x000000008c900000, 0x000000008c900000| Untracked 
| 110|0x000000008ca00000, 0x000000008ca00000, 0x000000008cb00000|  0%| F|  |TAMS 0x000000008ca00000, 0x000000008ca00000| Untracked 
| 111|0x000000008cb00000, 0x000000008cb00000, 0x000000008cc00000|  0%| F|  |TAMS 0x000000008cb00000, 0x000000008cb00000| Untracked 
| 112|0x000000008cc00000, 0x000000008cc00000, 0x000000008cd00000|  0%| F|  |TAMS 0x000000008cc00000, 0x000000008cc00000| Untracked 
| 113|0x000000008cd00000, 0x000000008cd00000, 0x000000008ce00000|  0%| F|  |TAMS 0x000000008cd00000, 0x000000008cd00000| Untracked 
| 114|0x000000008ce00000, 0x000000008ce00000, 0x000000008cf00000|  0%| F|  |TAMS 0x000000008ce00000, 0x000000008ce00000| Untracked 
| 115|0x000000008cf00000, 0x000000008cf00000, 0x000000008d000000|  0%| F|  |TAMS 0x000000008cf00000, 0x000000008cf00000| Untracked 
| 116|0x000000008d000000, 0x000000008d000000, 0x000000008d100000|  0%| F|  |TAMS 0x000000008d000000, 0x000000008d000000| Untracked 
| 117|0x000000008d100000, 0x000000008d100000, 0x000000008d200000|  0%| F|  |TAMS 0x000000008d100000, 0x000000008d100000| Untracked 
| 118|0x000000008d200000, 0x000000008d200000, 0x000000008d300000|  0%| F|  |TAMS 0x000000008d200000, 0x000000008d200000| Untracked 
| 119|0x000000008d300000, 0x000000008d300000, 0x000000008d400000|  0%| F|  |TAMS 0x000000008d300000, 0x000000008d300000| Untracked 
| 120|0x000000008d400000, 0x000000008d400000, 0x000000008d500000|  0%| F|  |TAMS 0x000000008d400000, 0x000000008d400000| Untracked 
| 121|0x000000008d500000, 0x000000008d500000, 0x000000008d600000|  0%| F|  |TAMS 0x000000008d500000, 0x000000008d500000| Untracked 
| 122|0x000000008d600000, 0x000000008d600000, 0x000000008d700000|  0%| F|  |TAMS 0x000000008d600000, 0x000000008d600000| Untracked 
| 123|0x000000008d700000, 0x000000008d700000, 0x000000008d800000|  0%| F|  |TAMS 0x000000008d700000, 0x000000008d700000| Untracked 
| 124|0x000000008d800000, 0x000000008d800000, 0x000000008d900000|  0%| F|  |TAMS 0x000000008d800000, 0x000000008d800000| Untracked 
| 125|0x000000008d900000, 0x000000008d900000, 0x000000008da00000|  0%| F|  |TAMS 0x000000008d900000, 0x000000008d900000| Untracked 
| 126|0x000000008da00000, 0x000000008da00000, 0x000000008db00000|  0%| F|  |TAMS 0x000000008da00000, 0x000000008da00000| Untracked 
| 127|0x000000008db00000, 0x000000008db00000, 0x000000008dc00000|  0%| F|  |TAMS 0x000000008db00000, 0x000000008db00000| Untracked 
| 128|0x000000008dc00000, 0x000000008dc00000, 0x000000008dd00000|  0%| F|  |TAMS 0x000000008dc00000, 0x000000008dc00000| Untracked 
| 129|0x000000008dd00000, 0x000000008dd00000, 0x000000008de00000|  0%| F|  |TAMS 0x000000008dd00000, 0x000000008dd00000| Untracked 
| 130|0x000000008de00000, 0x000000008de00000, 0x000000008df00000|  0%| F|  |TAMS 0x000000008de00000, 0x000000008de00000| Untracked 
| 131|0x000000008df00000, 0x000000008df00000, 0x000000008e000000|  0%| F|  |TAMS 0x000000008df00000, 0x000000008df00000| Untracked 
| 132|0x000000008e000000, 0x000000008e000000, 0x000000008e100000|  0%| F|  |TAMS 0x000000008e000000, 0x000000008e000000| Untracked 
| 133|0x000000008e100000, 0x000000008e100000, 0x000000008e200000|  0%| F|  |TAMS 0x000000008e100000, 0x000000008e100000| Untracked 
| 134|0x000000008e200000, 0x000000008e200000, 0x000000008e300000|  0%| F|  |TAMS 0x000000008e200000, 0x000000008e200000| Untracked 
| 135|0x000000008e300000, 0x000000008e300000, 0x000000008e400000|  0%| F|  |TAMS 0x000000008e300000, 0x000000008e300000| Untracked 
| 136|0x000000008e400000, 0x000000008e400000, 0x000000008e500000|  0%| F|  |TAMS 0x000000008e400000, 0x000000008e400000| Untracked 
| 137|0x000000008e500000, 0x000000008e500000, 0x000000008e600000|  0%| F|  |TAMS 0x000000008e500000, 0x000000008e500000| Untracked 
| 138|0x000000008e600000, 0x000000008e600000, 0x000000008e700000|  0%| F|  |TAMS 0x000000008e600000, 0x000000008e600000| Untracked 
| 139|0x000000008e700000, 0x000000008e700000, 0x000000008e800000|  0%| F|  |TAMS 0x000000008e700000, 0x000000008e700000| Untracked 
| 140|0x000000008e800000, 0x000000008e800000, 0x000000008e900000|  0%| F|  |TAMS 0x000000008e800000, 0x000000008e800000| Untracked 
| 141|0x000000008e900000, 0x000000008e900000, 0x000000008ea00000|  0%| F|  |TAMS 0x000000008e900000, 0x000000008e900000| Untracked 
| 142|0x000000008ea00000, 0x000000008ea00000, 0x000000008eb00000|  0%| F|  |TAMS 0x000000008ea00000, 0x000000008ea00000| Untracked 
| 143|0x000000008eb00000, 0x000000008eb00000, 0x000000008ec00000|  0%| F|  |TAMS 0x000000008eb00000, 0x000000008eb00000| Untracked 
| 144|0x000000008ec00000, 0x000000008ec00000, 0x000000008ed00000|  0%| F|  |TAMS 0x000000008ec00000, 0x000000008ec00000| Untracked 
| 145|0x000000008ed00000, 0x000000008ed00000, 0x000000008ee00000|  0%| F|  |TAMS 0x000000008ed00000, 0x000000008ed00000| Untracked 
| 146|0x000000008ee00000, 0x000000008ee00000, 0x000000008ef00000|  0%| F|  |TAMS 0x000000008ee00000, 0x000000008ee00000| Untracked 
| 147|0x000000008ef00000, 0x000000008ef00000, 0x000000008f000000|  0%| F|  |TAMS 0x000000008ef00000, 0x000000008ef00000| Untracked 
| 148|0x000000008f000000, 0x000000008f000000, 0x000000008f100000|  0%| F|  |TAMS 0x000000008f000000, 0x000000008f000000| Untracked 
| 149|0x000000008f100000, 0x000000008f100000, 0x000000008f200000|  0%| F|  |TAMS 0x000000008f100000, 0x000000008f100000| Untracked 
| 150|0x000000008f200000, 0x000000008f200000, 0x000000008f300000|  0%| F|  |TAMS 0x000000008f200000, 0x000000008f200000| Untracked 
| 151|0x000000008f300000, 0x000000008f300000, 0x000000008f400000|  0%| F|  |TAMS 0x000000008f300000, 0x000000008f300000| Untracked 
| 152|0x000000008f400000, 0x000000008f400000, 0x000000008f500000|  0%| F|  |TAMS 0x000000008f400000, 0x000000008f400000| Untracked 
| 153|0x000000008f500000, 0x000000008f500000, 0x000000008f600000|  0%| F|  |TAMS 0x000000008f500000, 0x000000008f500000| Untracked 
| 154|0x000000008f600000, 0x000000008f600000, 0x000000008f700000|  0%| F|  |TAMS 0x000000008f600000, 0x000000008f600000| Untracked 
| 155|0x000000008f700000, 0x000000008f700000, 0x000000008f800000|  0%| F|  |TAMS 0x000000008f700000, 0x000000008f700000| Untracked 
| 156|0x000000008f800000, 0x000000008f800000, 0x000000008f900000|  0%| F|  |TAMS 0x000000008f800000, 0x000000008f800000| Untracked 
| 157|0x000000008f900000, 0x000000008f900000, 0x000000008fa00000|  0%| F|  |TAMS 0x000000008f900000, 0x000000008f900000| Untracked 
| 158|0x000000008fa00000, 0x000000008fa00000, 0x000000008fb00000|  0%| F|  |TAMS 0x000000008fa00000, 0x000000008fa00000| Untracked 
| 159|0x000000008fb00000, 0x000000008fb00000, 0x000000008fc00000|  0%| F|  |TAMS 0x000000008fb00000, 0x000000008fb00000| Untracked 
| 160|0x000000008fc00000, 0x000000008fc00000, 0x000000008fd00000|  0%| F|  |TAMS 0x000000008fc00000, 0x000000008fc00000| Untracked 
| 161|0x000000008fd00000, 0x000000008fd00000, 0x000000008fe00000|  0%| F|  |TAMS 0x000000008fd00000, 0x000000008fd00000| Untracked 
| 162|0x000000008fe00000, 0x000000008fe00000, 0x000000008ff00000|  0%| F|  |TAMS 0x000000008fe00000, 0x000000008fe00000| Untracked 
| 163|0x000000008ff00000, 0x000000008ff00000, 0x0000000090000000|  0%| F|  |TAMS 0x000000008ff00000, 0x000000008ff00000| Untracked 
| 164|0x0000000090000000, 0x0000000090000000, 0x0000000090100000|  0%| F|  |TAMS 0x0000000090000000, 0x0000000090000000| Untracked 
| 165|0x0000000090100000, 0x0000000090100000, 0x0000000090200000|  0%| F|  |TAMS 0x0000000090100000, 0x0000000090100000| Untracked 
| 166|0x0000000090200000, 0x0000000090200000, 0x0000000090300000|  0%| F|  |TAMS 0x0000000090200000, 0x0000000090200000| Untracked 
| 167|0x0000000090300000, 0x0000000090300000, 0x0000000090400000|  0%| F|  |TAMS 0x0000000090300000, 0x0000000090300000| Untracked 
| 168|0x0000000090400000, 0x0000000090400000, 0x0000000090500000|  0%| F|  |TAMS 0x0000000090400000, 0x0000000090400000| Untracked 
| 169|0x0000000090500000, 0x0000000090500000, 0x0000000090600000|  0%| F|  |TAMS 0x0000000090500000, 0x0000000090500000| Untracked 
| 170|0x0000000090600000, 0x0000000090600000, 0x0000000090700000|  0%| F|  |TAMS 0x0000000090600000, 0x0000000090600000| Untracked 
| 171|0x0000000090700000, 0x0000000090700000, 0x0000000090800000|  0%| F|  |TAMS 0x0000000090700000, 0x0000000090700000| Untracked 
| 172|0x0000000090800000, 0x0000000090800000, 0x0000000090900000|  0%| F|  |TAMS 0x0000000090800000, 0x0000000090800000| Untracked 
| 173|0x0000000090900000, 0x0000000090900000, 0x0000000090a00000|  0%| F|  |TAMS 0x0000000090900000, 0x0000000090900000| Untracked 
| 174|0x0000000090a00000, 0x0000000090a00000, 0x0000000090b00000|  0%| F|  |TAMS 0x0000000090a00000, 0x0000000090a00000| Untracked 
| 175|0x0000000090b00000, 0x0000000090b00000, 0x0000000090c00000|  0%| F|  |TAMS 0x0000000090b00000, 0x0000000090b00000| Untracked 
| 176|0x0000000090c00000, 0x0000000090c00000, 0x0000000090d00000|  0%| F|  |TAMS 0x0000000090c00000, 0x0000000090c00000| Untracked 
| 177|0x0000000090d00000, 0x0000000090d00000, 0x0000000090e00000|  0%| F|  |TAMS 0x0000000090d00000, 0x0000000090d00000| Untracked 
| 178|0x0000000090e00000, 0x0000000090e00000, 0x0000000090f00000|  0%| F|  |TAMS 0x0000000090e00000, 0x0000000090e00000| Untracked 
| 179|0x0000000090f00000, 0x0000000090f00000, 0x0000000091000000|  0%| F|  |TAMS 0x0000000090f00000, 0x0000000090f00000| Untracked 
| 180|0x0000000091000000, 0x0000000091000000, 0x0000000091100000|  0%| F|  |TAMS 0x0000000091000000, 0x0000000091000000| Untracked 
| 181|0x0000000091100000, 0x0000000091100000, 0x0000000091200000|  0%| F|  |TAMS 0x0000000091100000, 0x0000000091100000| Untracked 
| 182|0x0000000091200000, 0x0000000091200000, 0x0000000091300000|  0%| F|  |TAMS 0x0000000091200000, 0x0000000091200000| Untracked 
| 183|0x0000000091300000, 0x0000000091300000, 0x0000000091400000|  0%| F|  |TAMS 0x0000000091300000, 0x0000000091300000| Untracked 
| 184|0x0000000091400000, 0x0000000091400000, 0x0000000091500000|  0%| F|  |TAMS 0x0000000091400000, 0x0000000091400000| Untracked 
| 185|0x0000000091500000, 0x0000000091500000, 0x0000000091600000|  0%| F|  |TAMS 0x0000000091500000, 0x0000000091500000| Untracked 
| 186|0x0000000091600000, 0x0000000091600000, 0x0000000091700000|  0%| F|  |TAMS 0x0000000091600000, 0x0000000091600000| Untracked 
| 187|0x0000000091700000, 0x0000000091700000, 0x0000000091800000|  0%| F|  |TAMS 0x0000000091700000, 0x0000000091700000| Untracked 
| 188|0x0000000091800000, 0x0000000091900000, 0x0000000091900000|100%|HS|  |TAMS 0x0000000091800000, 0x0000000091900000| Complete 
| 189|0x0000000091900000, 0x0000000091a00000, 0x0000000091a00000|100%|HC|  |TAMS 0x0000000091900000, 0x0000000091a00000| Complete 
| 190|0x0000000091a00000, 0x0000000091b00000, 0x0000000091b00000|100%|HC|  |TAMS 0x0000000091a00000, 0x0000000091b00000| Complete 
| 191|0x0000000091b00000, 0x0000000091c00000, 0x0000000091c00000|100%|HC|  |TAMS 0x0000000091b00000, 0x0000000091c00000| Complete 
| 192|0x0000000091c00000, 0x0000000091d00000, 0x0000000091d00000|100%|HC|  |TAMS 0x0000000091c00000, 0x0000000091d00000| Complete 
| 193|0x0000000091d00000, 0x0000000091e00000, 0x0000000091e00000|100%|HC|  |TAMS 0x0000000091d00000, 0x0000000091e00000| Complete 
| 194|0x0000000091e00000, 0x0000000091f00000, 0x0000000091f00000|100%|HC|  |TAMS 0x0000000091e00000, 0x0000000091f00000| Complete 
| 195|0x0000000091f00000, 0x0000000092000000, 0x0000000092000000|100%|HC|  |TAMS 0x0000000091f00000, 0x0000000092000000| Complete 
| 196|0x0000000092000000, 0x0000000092100000, 0x0000000092100000|100%|HC|  |TAMS 0x0000000092000000, 0x0000000092100000| Complete 
| 197|0x0000000092100000, 0x0000000092200000, 0x0000000092200000|100%|HC|  |TAMS 0x0000000092100000, 0x0000000092200000| Complete 
| 198|0x0000000092200000, 0x0000000092300000, 0x0000000092300000|100%|HC|  |TAMS 0x0000000092200000, 0x0000000092300000| Complete 
| 199|0x0000000092300000, 0x0000000092400000, 0x0000000092400000|100%|HC|  |TAMS 0x0000000092300000, 0x0000000092400000| Complete 
| 200|0x0000000092400000, 0x0000000092500000, 0x0000000092500000|100%|HC|  |TAMS 0x0000000092400000, 0x0000000092500000| Complete 
| 201|0x0000000092500000, 0x0000000092600000, 0x0000000092600000|100%|HC|  |TAMS 0x0000000092500000, 0x0000000092600000| Complete 
| 202|0x0000000092600000, 0x0000000092700000, 0x0000000092700000|100%|HC|  |TAMS 0x0000000092600000, 0x0000000092700000| Complete 
| 203|0x0000000092700000, 0x0000000092800000, 0x0000000092800000|100%|HC|  |TAMS 0x0000000092700000, 0x0000000092800000| Complete 
| 204|0x0000000092800000, 0x0000000092900000, 0x0000000092900000|100%|HC|  |TAMS 0x0000000092800000, 0x0000000092900000| Complete 
| 205|0x0000000092900000, 0x0000000092a00000, 0x0000000092a00000|100%|HC|  |TAMS 0x0000000092900000, 0x0000000092a00000| Complete 
| 206|0x0000000092a00000, 0x0000000092b00000, 0x0000000092b00000|100%|HC|  |TAMS 0x0000000092a00000, 0x0000000092b00000| Complete 
| 207|0x0000000092b00000, 0x0000000092c00000, 0x0000000092c00000|100%|HC|  |TAMS 0x0000000092b00000, 0x0000000092c00000| Complete 
| 208|0x0000000092c00000, 0x0000000092d00000, 0x0000000092d00000|100%|HC|  |TAMS 0x0000000092c00000, 0x0000000092d00000| Complete 
| 209|0x0000000092d00000, 0x0000000092e00000, 0x0000000092e00000|100%|HC|  |TAMS 0x0000000092d00000, 0x0000000092e00000| Complete 
| 210|0x0000000092e00000, 0x0000000092f00000, 0x0000000092f00000|100%|HC|  |TAMS 0x0000000092e00000, 0x0000000092f00000| Complete 
| 211|0x0000000092f00000, 0x0000000093000000, 0x0000000093000000|100%|HC|  |TAMS 0x0000000092f00000, 0x0000000093000000| Complete 
| 212|0x0000000093000000, 0x0000000093100000, 0x0000000093100000|100%|HC|  |TAMS 0x0000000093000000, 0x0000000093100000| Complete 
| 213|0x0000000093100000, 0x0000000093200000, 0x0000000093200000|100%|HC|  |TAMS 0x0000000093100000, 0x0000000093200000| Complete 
| 214|0x0000000093200000, 0x0000000093300000, 0x0000000093300000|100%|HC|  |TAMS 0x0000000093200000, 0x0000000093300000| Complete 
| 215|0x0000000093300000, 0x0000000093400000, 0x0000000093400000|100%|HC|  |TAMS 0x0000000093300000, 0x0000000093400000| Complete 
| 216|0x0000000093400000, 0x0000000093500000, 0x0000000093500000|100%|HC|  |TAMS 0x0000000093400000, 0x0000000093500000| Complete 
| 217|0x0000000093500000, 0x0000000093600000, 0x0000000093600000|100%|HC|  |TAMS 0x0000000093500000, 0x0000000093600000| Complete 
| 218|0x0000000093600000, 0x0000000093700000, 0x0000000093700000|100%|HC|  |TAMS 0x0000000093600000, 0x0000000093700000| Complete 
| 219|0x0000000093700000, 0x0000000093800000, 0x0000000093800000|100%|HC|  |TAMS 0x0000000093700000, 0x0000000093800000| Complete 
| 220|0x0000000093800000, 0x0000000093900000, 0x0000000093900000|100%|HC|  |TAMS 0x0000000093800000, 0x0000000093900000| Complete 
| 221|0x0000000093900000, 0x0000000093a00000, 0x0000000093a00000|100%|HC|  |TAMS 0x0000000093900000, 0x0000000093a00000| Complete 
| 222|0x0000000093a00000, 0x0000000093b00000, 0x0000000093b00000|100%|HC|  |TAMS 0x0000000093a00000, 0x0000000093b00000| Complete 
| 223|0x0000000093b00000, 0x0000000093c00000, 0x0000000093c00000|100%|HC|  |TAMS 0x0000000093b00000, 0x0000000093c00000| Complete 
| 224|0x0000000093c00000, 0x0000000093d00000, 0x0000000093d00000|100%|HC|  |TAMS 0x0000000093c00000, 0x0000000093d00000| Complete 
| 225|0x0000000093d00000, 0x0000000093e00000, 0x0000000093e00000|100%|HC|  |TAMS 0x0000000093d00000, 0x0000000093e00000| Complete 
| 226|0x0000000093e00000, 0x0000000093f00000, 0x0000000093f00000|100%|HC|  |TAMS 0x0000000093e00000, 0x0000000093f00000| Complete 
| 227|0x0000000093f00000, 0x0000000094000000, 0x0000000094000000|100%|HC|  |TAMS 0x0000000093f00000, 0x0000000094000000| Complete 
| 228|0x0000000094000000, 0x0000000094100000, 0x0000000094100000|100%|HC|  |TAMS 0x0000000094000000, 0x0000000094100000| Complete 
| 229|0x0000000094100000, 0x0000000094200000, 0x0000000094200000|100%|HC|  |TAMS 0x0000000094100000, 0x0000000094200000| Complete 
| 230|0x0000000094200000, 0x0000000094300000, 0x0000000094300000|100%|HC|  |TAMS 0x0000000094200000, 0x0000000094300000| Complete 
| 231|0x0000000094300000, 0x0000000094400000, 0x0000000094400000|100%|HC|  |TAMS 0x0000000094300000, 0x0000000094400000| Complete 
| 232|0x0000000094400000, 0x0000000094500000, 0x0000000094500000|100%|HC|  |TAMS 0x0000000094400000, 0x0000000094500000| Complete 
| 233|0x0000000094500000, 0x0000000094600000, 0x0000000094600000|100%|HC|  |TAMS 0x0000000094500000, 0x0000000094600000| Complete 
| 234|0x0000000094600000, 0x0000000094700000, 0x0000000094700000|100%|HC|  |TAMS 0x0000000094600000, 0x0000000094700000| Complete 
| 235|0x0000000094700000, 0x0000000094800000, 0x0000000094800000|100%|HC|  |TAMS 0x0000000094700000, 0x0000000094800000| Complete 
| 236|0x0000000094800000, 0x0000000094900000, 0x0000000094900000|100%|HC|  |TAMS 0x0000000094800000, 0x0000000094900000| Complete 
| 237|0x0000000094900000, 0x0000000094a00000, 0x0000000094a00000|100%|HC|  |TAMS 0x0000000094900000, 0x0000000094a00000| Complete 
| 238|0x0000000094a00000, 0x0000000094b00000, 0x0000000094b00000|100%|HC|  |TAMS 0x0000000094a00000, 0x0000000094b00000| Complete 
| 239|0x0000000094b00000, 0x0000000094c00000, 0x0000000094c00000|100%|HC|  |TAMS 0x0000000094b00000, 0x0000000094c00000| Complete 
| 240|0x0000000094c00000, 0x0000000094d00000, 0x0000000094d00000|100%|HC|  |TAMS 0x0000000094c00000, 0x0000000094d00000| Complete 
| 241|0x0000000094d00000, 0x0000000094e00000, 0x0000000094e00000|100%|HC|  |TAMS 0x0000000094d00000, 0x0000000094e00000| Complete 
| 242|0x0000000094e00000, 0x0000000094f00000, 0x0000000094f00000|100%|HC|  |TAMS 0x0000000094e00000, 0x0000000094f00000| Complete 
| 243|0x0000000094f00000, 0x0000000095000000, 0x0000000095000000|100%|HC|  |TAMS 0x0000000094f00000, 0x0000000095000000| Complete 
| 244|0x0000000095000000, 0x0000000095100000, 0x0000000095100000|100%|HC|  |TAMS 0x0000000095000000, 0x0000000095100000| Complete 
| 245|0x0000000095100000, 0x0000000095200000, 0x0000000095200000|100%|HC|  |TAMS 0x0000000095100000, 0x0000000095200000| Complete 
| 246|0x0000000095200000, 0x0000000095300000, 0x0000000095300000|100%|HC|  |TAMS 0x0000000095200000, 0x0000000095300000| Complete 
| 247|0x0000000095300000, 0x0000000095400000, 0x0000000095400000|100%|HC|  |TAMS 0x0000000095300000, 0x0000000095400000| Complete 
| 248|0x0000000095400000, 0x0000000095500000, 0x0000000095500000|100%|HC|  |TAMS 0x0000000095400000, 0x0000000095500000| Complete 
| 249|0x0000000095500000, 0x0000000095600000, 0x0000000095600000|100%|HC|  |TAMS 0x0000000095500000, 0x0000000095600000| Complete 
| 250|0x0000000095600000, 0x0000000095700000, 0x0000000095700000|100%|HC|  |TAMS 0x0000000095600000, 0x0000000095700000| Complete 
| 251|0x0000000095700000, 0x0000000095800000, 0x0000000095800000|100%|HC|  |TAMS 0x0000000095700000, 0x0000000095800000| Complete 
| 252|0x0000000095800000, 0x0000000095900000, 0x0000000095900000|100%|HC|  |TAMS 0x0000000095800000, 0x0000000095900000| Complete 
| 253|0x0000000095900000, 0x0000000095a00000, 0x0000000095a00000|100%|HC|  |TAMS 0x0000000095900000, 0x0000000095a00000| Complete 
| 254|0x0000000095a00000, 0x0000000095b00000, 0x0000000095b00000|100%|HC|  |TAMS 0x0000000095a00000, 0x0000000095b00000| Complete 
| 255|0x0000000095b00000, 0x0000000095c00000, 0x0000000095c00000|100%|HC|  |TAMS 0x0000000095b00000, 0x0000000095c00000| Complete 
| 256|0x0000000095c00000, 0x0000000095d00000, 0x0000000095d00000|100%|HC|  |TAMS 0x0000000095c00000, 0x0000000095d00000| Complete 
| 257|0x0000000095d00000, 0x0000000095e00000, 0x0000000095e00000|100%|HC|  |TAMS 0x0000000095d00000, 0x0000000095e00000| Complete 
| 258|0x0000000095e00000, 0x0000000095f00000, 0x0000000095f00000|100%|HC|  |TAMS 0x0000000095e00000, 0x0000000095f00000| Complete 
| 259|0x0000000095f00000, 0x0000000096000000, 0x0000000096000000|100%|HC|  |TAMS 0x0000000095f00000, 0x0000000096000000| Complete 
| 260|0x0000000096000000, 0x0000000096100000, 0x0000000096100000|100%|HC|  |TAMS 0x0000000096000000, 0x0000000096100000| Complete 
| 261|0x0000000096100000, 0x0000000096200000, 0x0000000096200000|100%|HC|  |TAMS 0x0000000096100000, 0x0000000096200000| Complete 
| 262|0x0000000096200000, 0x0000000096300000, 0x0000000096300000|100%|HC|  |TAMS 0x0000000096200000, 0x0000000096300000| Complete 
| 263|0x0000000096300000, 0x0000000096400000, 0x0000000096400000|100%|HC|  |TAMS 0x0000000096300000, 0x0000000096400000| Complete 
| 264|0x0000000096400000, 0x0000000096500000, 0x0000000096500000|100%|HC|  |TAMS 0x0000000096400000, 0x0000000096500000| Complete 
| 265|0x0000000096500000, 0x0000000096600000, 0x0000000096600000|100%|HC|  |TAMS 0x0000000096500000, 0x0000000096600000| Complete 
| 266|0x0000000096600000, 0x0000000096700000, 0x0000000096700000|100%|HC|  |TAMS 0x0000000096600000, 0x0000000096700000| Complete 
| 267|0x0000000096700000, 0x0000000096800000, 0x0000000096800000|100%|HC|  |TAMS 0x0000000096700000, 0x0000000096800000| Complete 
| 268|0x0000000096800000, 0x0000000096900000, 0x0000000096900000|100%|HC|  |TAMS 0x0000000096800000, 0x0000000096900000| Complete 
| 269|0x0000000096900000, 0x0000000096a00000, 0x0000000096a00000|100%|HC|  |TAMS 0x0000000096900000, 0x0000000096a00000| Complete 
| 270|0x0000000096a00000, 0x0000000096b00000, 0x0000000096b00000|100%|HC|  |TAMS 0x0000000096a00000, 0x0000000096b00000| Complete 
| 271|0x0000000096b00000, 0x0000000096c00000, 0x0000000096c00000|100%|HC|  |TAMS 0x0000000096b00000, 0x0000000096c00000| Complete 
| 272|0x0000000096c00000, 0x0000000096d00000, 0x0000000096d00000|100%|HC|  |TAMS 0x0000000096c00000, 0x0000000096d00000| Complete 
| 273|0x0000000096d00000, 0x0000000096e00000, 0x0000000096e00000|100%|HC|  |TAMS 0x0000000096d00000, 0x0000000096e00000| Complete 
| 274|0x0000000096e00000, 0x0000000096f00000, 0x0000000096f00000|100%|HC|  |TAMS 0x0000000096e00000, 0x0000000096f00000| Complete 
| 275|0x0000000096f00000, 0x0000000097000000, 0x0000000097000000|100%|HC|  |TAMS 0x0000000096f00000, 0x0000000097000000| Complete 
| 276|0x0000000097000000, 0x0000000097100000, 0x0000000097100000|100%|HC|  |TAMS 0x0000000097000000, 0x0000000097100000| Complete 
| 277|0x0000000097100000, 0x0000000097200000, 0x0000000097200000|100%|HC|  |TAMS 0x0000000097100000, 0x0000000097200000| Complete 
| 278|0x0000000097200000, 0x0000000097300000, 0x0000000097300000|100%|HC|  |TAMS 0x0000000097200000, 0x0000000097300000| Complete 
| 279|0x0000000097300000, 0x0000000097400000, 0x0000000097400000|100%|HC|  |TAMS 0x0000000097300000, 0x0000000097400000| Complete 
| 280|0x0000000097400000, 0x0000000097500000, 0x0000000097500000|100%|HC|  |TAMS 0x0000000097400000, 0x0000000097500000| Complete 
| 281|0x0000000097500000, 0x0000000097600000, 0x0000000097600000|100%|HC|  |TAMS 0x0000000097500000, 0x0000000097600000| Complete 
| 282|0x0000000097600000, 0x0000000097700000, 0x0000000097700000|100%|HC|  |TAMS 0x0000000097600000, 0x0000000097700000| Complete 
| 283|0x0000000097700000, 0x0000000097800000, 0x0000000097800000|100%|HC|  |TAMS 0x0000000097700000, 0x0000000097800000| Complete 
| 284|0x0000000097800000, 0x0000000097900000, 0x0000000097900000|100%|HC|  |TAMS 0x0000000097800000, 0x0000000097900000| Complete 
| 285|0x0000000097900000, 0x0000000097a00000, 0x0000000097a00000|100%|HC|  |TAMS 0x0000000097900000, 0x0000000097a00000| Complete 
| 286|0x0000000097a00000, 0x0000000097b00000, 0x0000000097b00000|100%|HC|  |TAMS 0x0000000097a00000, 0x0000000097b00000| Complete 
| 287|0x0000000097b00000, 0x0000000097c00000, 0x0000000097c00000|100%|HC|  |TAMS 0x0000000097b00000, 0x0000000097c00000| Complete 
| 288|0x0000000097c00000, 0x0000000097d00000, 0x0000000097d00000|100%|HC|  |TAMS 0x0000000097c00000, 0x0000000097d00000| Complete 
| 289|0x0000000097d00000, 0x0000000097e00000, 0x0000000097e00000|100%|HC|  |TAMS 0x0000000097d00000, 0x0000000097e00000| Complete 
| 290|0x0000000097e00000, 0x0000000097f00000, 0x0000000097f00000|100%|HC|  |TAMS 0x0000000097e00000, 0x0000000097f00000| Complete 
| 291|0x0000000097f00000, 0x0000000098000000, 0x0000000098000000|100%|HC|  |TAMS 0x0000000097f00000, 0x0000000098000000| Complete 
| 292|0x0000000098000000, 0x0000000098100000, 0x0000000098100000|100%|HC|  |TAMS 0x0000000098000000, 0x0000000098100000| Complete 
| 293|0x0000000098100000, 0x0000000098200000, 0x0000000098200000|100%|HC|  |TAMS 0x0000000098100000, 0x0000000098200000| Complete 
| 294|0x0000000098200000, 0x0000000098300000, 0x0000000098300000|100%|HC|  |TAMS 0x0000000098200000, 0x0000000098300000| Complete 
| 295|0x0000000098300000, 0x0000000098400000, 0x0000000098400000|100%|HC|  |TAMS 0x0000000098300000, 0x0000000098400000| Complete 
| 296|0x0000000098400000, 0x0000000098500000, 0x0000000098500000|100%|HC|  |TAMS 0x0000000098400000, 0x0000000098500000| Complete 
| 297|0x0000000098500000, 0x0000000098600000, 0x0000000098600000|100%|HC|  |TAMS 0x0000000098500000, 0x0000000098600000| Complete 
| 298|0x0000000098600000, 0x0000000098700000, 0x0000000098700000|100%|HC|  |TAMS 0x0000000098600000, 0x0000000098700000| Complete 
| 299|0x0000000098700000, 0x0000000098800000, 0x0000000098800000|100%|HC|  |TAMS 0x0000000098700000, 0x0000000098800000| Complete 
| 300|0x0000000098800000, 0x0000000098900000, 0x0000000098900000|100%|HC|  |TAMS 0x0000000098800000, 0x0000000098900000| Complete 
| 301|0x0000000098900000, 0x0000000098a00000, 0x0000000098a00000|100%|HC|  |TAMS 0x0000000098900000, 0x0000000098a00000| Complete 
| 302|0x0000000098a00000, 0x0000000098b00000, 0x0000000098b00000|100%|HC|  |TAMS 0x0000000098a00000, 0x0000000098b00000| Complete 
| 303|0x0000000098b00000, 0x0000000098c00000, 0x0000000098c00000|100%|HC|  |TAMS 0x0000000098b00000, 0x0000000098c00000| Complete 
| 304|0x0000000098c00000, 0x0000000098d00000, 0x0000000098d00000|100%|HC|  |TAMS 0x0000000098c00000, 0x0000000098d00000| Complete 
| 305|0x0000000098d00000, 0x0000000098e00000, 0x0000000098e00000|100%|HC|  |TAMS 0x0000000098d00000, 0x0000000098e00000| Complete 
| 306|0x0000000098e00000, 0x0000000098f00000, 0x0000000098f00000|100%|HC|  |TAMS 0x0000000098e00000, 0x0000000098f00000| Complete 
| 307|0x0000000098f00000, 0x0000000099000000, 0x0000000099000000|100%|HC|  |TAMS 0x0000000098f00000, 0x0000000099000000| Complete 
| 308|0x0000000099000000, 0x0000000099100000, 0x0000000099100000|100%|HC|  |TAMS 0x0000000099000000, 0x0000000099100000| Complete 
| 309|0x0000000099100000, 0x0000000099200000, 0x0000000099200000|100%|HC|  |TAMS 0x0000000099100000, 0x0000000099200000| Complete 
| 310|0x0000000099200000, 0x0000000099300000, 0x0000000099300000|100%|HC|  |TAMS 0x0000000099200000, 0x0000000099300000| Complete 
| 311|0x0000000099300000, 0x0000000099400000, 0x0000000099400000|100%|HC|  |TAMS 0x0000000099300000, 0x0000000099400000| Complete 
| 312|0x0000000099400000, 0x0000000099500000, 0x0000000099500000|100%|HC|  |TAMS 0x0000000099400000, 0x0000000099500000| Complete 
| 313|0x0000000099500000, 0x0000000099600000, 0x0000000099600000|100%|HC|  |TAMS 0x0000000099500000, 0x0000000099600000| Complete 
| 314|0x0000000099600000, 0x0000000099700000, 0x0000000099700000|100%|HC|  |TAMS 0x0000000099600000, 0x0000000099700000| Complete 
| 315|0x0000000099700000, 0x0000000099800000, 0x0000000099800000|100%|HC|  |TAMS 0x0000000099700000, 0x0000000099800000| Complete 
| 316|0x0000000099800000, 0x0000000099900000, 0x0000000099900000|100%|HC|  |TAMS 0x0000000099800000, 0x0000000099900000| Complete 
| 317|0x0000000099900000, 0x0000000099900000, 0x0000000099a00000|  0%| F|  |TAMS 0x0000000099900000, 0x0000000099900000| Untracked 
| 318|0x0000000099a00000, 0x0000000099a00000, 0x0000000099b00000|  0%| F|  |TAMS 0x0000000099a00000, 0x0000000099a00000| Untracked 
| 319|0x0000000099b00000, 0x0000000099b00000, 0x0000000099c00000|  0%| F|  |TAMS 0x0000000099b00000, 0x0000000099b00000| Untracked 
| 320|0x0000000099c00000, 0x0000000099c00000, 0x0000000099d00000|  0%| F|  |TAMS 0x0000000099c00000, 0x0000000099c00000| Untracked 
| 321|0x0000000099d00000, 0x0000000099d00000, 0x0000000099e00000|  0%| F|  |TAMS 0x0000000099d00000, 0x0000000099d00000| Untracked 
| 322|0x0000000099e00000, 0x0000000099e00000, 0x0000000099f00000|  0%| F|  |TAMS 0x0000000099e00000, 0x0000000099e00000| Untracked 
| 323|0x0000000099f00000, 0x0000000099f00000, 0x000000009a000000|  0%| F|  |TAMS 0x0000000099f00000, 0x0000000099f00000| Untracked 
| 324|0x000000009a000000, 0x000000009a000000, 0x000000009a100000|  0%| F|  |TAMS 0x000000009a000000, 0x000000009a000000| Untracked 
| 325|0x000000009a100000, 0x000000009a100000, 0x000000009a200000|  0%| F|  |TAMS 0x000000009a100000, 0x000000009a100000| Untracked 
| 326|0x000000009a200000, 0x000000009a200000, 0x000000009a300000|  0%| F|  |TAMS 0x000000009a200000, 0x000000009a200000| Untracked 
| 327|0x000000009a300000, 0x000000009a300000, 0x000000009a400000|  0%| F|  |TAMS 0x000000009a300000, 0x000000009a300000| Untracked 
| 328|0x000000009a400000, 0x000000009a400000, 0x000000009a500000|  0%| F|  |TAMS 0x000000009a400000, 0x000000009a400000| Untracked 
| 329|0x000000009a500000, 0x000000009a500000, 0x000000009a600000|  0%| F|  |TAMS 0x000000009a500000, 0x000000009a500000| Untracked 
| 330|0x000000009a600000, 0x000000009a601e60, 0x000000009a700000|  0%| S|CS|TAMS 0x000000009a600000, 0x000000009a600000| Complete 
| 331|0x000000009a700000, 0x000000009a700000, 0x000000009a800000|  0%| F|  |TAMS 0x000000009a700000, 0x000000009a700000| Untracked 
|1954|0x00000000ffe00000, 0x00000000ffe56000, 0x00000000fff00000| 33%|OA|  |TAMS 0x00000000ffe56000, 0x00000000ffe56000| Untracked 
|1955|0x00000000fff00000, 0x00000000fff82000, 0x0000000100000000| 50%|CA|  |TAMS 0x00000000fff82000, 0x00000000fff82000| Untracked 

Card table byte_map: [0x00007f98ad651000,0x00007f98ada23000] _byte_map_base: 0x00007f98ad223000

Marking Bits (Prev, Next): (CMBitMap*) 0x00007f98c806e648, (CMBitMap*) 0x00007f98c806e608
 Prev Bits: [0x00007f98a955f000, 0x00007f98ab3ef000)
 Next Bits: [0x00007f98ab3ef000, 0x00007f98ad27f000)

Polling page: 0x00007f98cf471000

Metaspace:

Usage:
  Non-class:      6,03 MB capacity,     4,00 MB ( 66%) used,     2,03 MB ( 34%) free+waste,    10,94 KB ( <1%) overhead. 
      Class:    764,00 KB capacity,   539,45 KB ( 71%) used,   218,55 KB ( 29%) free+waste,     6,00 KB ( <1%) overhead. 
       Both:      6,78 MB capacity,     4,52 MB ( 67%) used,     2,24 MB ( 33%) free+waste,    16,94 KB ( <1%) overhead. 

Virtual space:
  Non-class space:        8,00 MB reserved,       6,25 MB ( 78%) committed 
      Class space:        1,00 GB reserved,     896,00 KB ( <1%) committed 
             Both:        1,01 GB reserved,       7,12 MB ( <1%) committed 

Chunk freelists:
   Non-Class:  30,00 KB
       Class:  12,00 KB
        Both:  42,00 KB

MaxMetaspaceSize: unlimited
CompressedClassSpaceSize: 1,00 GB

CodeHeap 'non-profiled nmethods': size=120028Kb used=339Kb max_used=339Kb free=119688Kb
 bounds [0x00007f98b649e000, 0x00007f98b670e000, 0x00007f98bd9d5000]
CodeHeap 'profiled nmethods': size=120028Kb used=1481Kb max_used=1481Kb free=118546Kb
 bounds [0x00007f98aef67000, 0x00007f98af1d7000, 0x00007f98b649e000]
CodeHeap 'non-nmethods': size=5704Kb used=1186Kb max_used=1205Kb free=4517Kb
 bounds [0x00007f98ae9d5000, 0x00007f98aec45000, 0x00007f98aef67000]
 total_blobs=1259 nmethods=809 adapters=364
 compilation: enabled
              stopped_count=0, restarted_count=0
 full_count=0

Compilation events (20 events):
Event: 4,108 Thread 0x00007f98c8198800  800       4       java.io.Reader::read (9 bytes)
Event: 4,121 Thread 0x00007f98c8198800 nmethod 800 0x00007f98b64e7390 code [0x00007f98b64e7840, 0x00007f98b64e8c28]
Event: 4,121 Thread 0x00007f98c8198800  801       4       java.lang.AbstractStringBuilder::appendChars (130 bytes)
Event: 4,125 Thread 0x00007f98c8198800 nmethod 801 0x00007f98b64e9b10 code [0x00007f98b64e9ce0, 0x00007f98b64ea158]
Event: 4,125 Thread 0x00007f98c8198800  802       4       java.lang.AbstractStringBuilder::checkRange (63 bytes)
Event: 4,126 Thread 0x00007f98c8198800 nmethod 802 0x00007f98b64ea390 code [0x00007f98b64ea520, 0x00007f98b64ea5f8]
Event: 4,126 Thread 0x00007f98c8198800  803       4       java.io.StringWriter::write (53 bytes)
Event: 4,138 Thread 0x00007f98c8198800 nmethod 803 0x00007f98b64ea710 code [0x00007f98b64ea9a0, 0x00007f98b64eb978]
Event: 4,138 Thread 0x00007f98c8198800  804       4       java.lang.AbstractStringBuilder::append (33 bytes)
Event: 4,235 Thread 0x00007f98c8198800 nmethod 804 0x00007f98b64ec090 code [0x00007f98b64ec2e0, 0x00007f98b64eccd8]
Event: 4,249 Thread 0x00007f98c819a800  805       3       sun.nio.cs.UTF_8$Decoder::decodeArrayLoop (691 bytes)
Event: 4,254 Thread 0x00007f98c819a800 nmethod 805 0x00007f98af0c7690 code [0x00007f98af0c8040, 0x00007f98af0ce840]
Event: 4,254 Thread 0x00007f98c8198800  806       4       sun.nio.cs.UTF_8$Decoder::decodeArrayLoop (691 bytes)
Event: 4,269 Thread 0x00007f98c8198800 nmethod 806 0x00007f98b64ed190 code [0x00007f98b64ed6e0, 0x00007f98b64eee78]
Event: 4,269 Thread 0x00007f98c8198800  807       4       java.nio.ByteBuffer::position (6 bytes)
Event: 4,270 Thread 0x00007f98c8198800 nmethod 807 0x00007f98b64efd90 code [0x00007f98b64eff60, 0x00007f98b64f0158]
Event: 4,283 Thread 0x00007f98c819a800  808       3       sun.nio.cs.UTF_8$Decoder::decodeArrayLoop (691 bytes)
Event: 4,286 Thread 0x00007f98c819a800 nmethod 808 0x00007f98af0d0590 code [0x00007f98af0d0f40, 0x00007f98af0d7740]
Event: 4,286 Thread 0x00007f98c8198800  809       4       sun.nio.cs.UTF_8$Decoder::decodeArrayLoop (691 bytes)
Event: 4,301 Thread 0x00007f98c8198800 nmethod 809 0x00007f98b64f0290 code [0x00007f98b64f07c0, 0x00007f98b64f1f18]

GC Heap History (8 events):
Event: 3,992 GC heap before
{Heap before GC invocations=0 (full 0):
 garbage-first heap   total 129024K, used 51040K [0x0000000085c00000, 0x0000000100000000)
  region size 1024K, 13 young (13312K), 0 survivors (0K)
 Metaspace       used 4636K, capacity 6951K, committed 7296K, reserved 1056768K
  class space    used 540K, capacity 767K, committed 896K, reserved 1048576K
}
Event: 3,995 GC heap after
{Heap after GC invocations=1 (full 0):
 garbage-first heap   total 129024K, used 20795K [0x0000000085c00000, 0x0000000100000000)
  region size 1024K, 3 young (3072K), 3 survivors (3072K)
 Metaspace       used 4636K, capacity 6951K, committed 7296K, reserved 1056768K
  class space    used 540K, capacity 767K, committed 896K, reserved 1048576K
}
Event: 4,050 GC heap before
{Heap before GC invocations=2 (full 0):
 garbage-first heap   total 129024K, used 54587K [0x0000000085c00000, 0x0000000100000000)
  region size 1024K, 4 young (4096K), 3 survivors (3072K)
 Metaspace       used 4637K, capacity 6951K, committed 7296K, reserved 1056768K
  class space    used 540K, capacity 767K, committed 896K, reserved 1048576K
}
Event: 4,052 GC heap after
{Heap after GC invocations=3 (full 0):
 garbage-first heap   total 129024K, used 37262K [0x0000000085c00000, 0x0000000100000000)
  region size 1024K, 1 young (1024K), 1 survivors (1024K)
 Metaspace       used 4637K, capacity 6951K, committed 7296K, reserved 1056768K
  class space    used 540K, capacity 767K, committed 896K, reserved 1048576K
}
Event: 4,140 GC heap before
{Heap before GC invocations=4 (full 0):
 garbage-first heap   total 195584K, used 103822K [0x0000000085c00000, 0x0000000100000000)
  region size 1024K, 2 young (2048K), 1 survivors (1024K)
 Metaspace       used 4638K, capacity 6951K, committed 7296K, reserved 1056768K
  class space    used 541K, capacity 767K, committed 896K, reserved 1048576K
}
Event: 4,141 GC heap after
{Heap after GC invocations=5 (full 0):
 garbage-first heap   total 195584K, used 70003K [0x0000000085c00000, 0x0000000100000000)
  region size 1024K, 1 young (1024K), 1 survivors (1024K)
 Metaspace       used 4638K, capacity 6951K, committed 7296K, reserved 1056768K
  class space    used 541K, capacity 767K, committed 896K, reserved 1048576K
}
Event: 4,340 GC heap before
{Heap before GC invocations=6 (full 0):
 garbage-first heap   total 342016K, used 202099K [0x0000000085c00000, 0x0000000100000000)
  region size 1024K, 2 young (2048K), 1 survivors (1024K)
 Metaspace       used 4632K, capacity 6942K, committed 7296K, reserved 1056768K
  class space    used 539K, capacity 764K, committed 896K, reserved 1048576K
}
Event: 4,351 GC heap after
{Heap after GC invocations=7 (full 0):
 garbage-first heap   total 342016K, used 135466K [0x0000000085c00000, 0x0000000100000000)
  region size 1024K, 1 young (1024K), 1 survivors (1024K)
 Metaspace       used 4632K, capacity 6942K, committed 7296K, reserved 1056768K
  class space    used 539K, capacity 764K, committed 896K, reserved 1048576K
}

Deoptimization events (20 events):
Event: 4,301 Thread 0x00007f98c802b800 DEOPT PACKING pc=0x00007f98af0d670f sp=0x00007f98cf453440
Event: 4,301 Thread 0x00007f98c802b800 DEOPT UNPACKING pc=0x00007f98aea1e33a sp=0x00007f98cf4529e8 mode 0
Event: 4,301 Thread 0x00007f98c802b800 DEOPT PACKING pc=0x00007f98af0d670f sp=0x00007f98cf453440
Event: 4,301 Thread 0x00007f98c802b800 DEOPT UNPACKING pc=0x00007f98aea1e33a sp=0x00007f98cf4529e8 mode 0
Event: 4,301 Thread 0x00007f98c802b800 DEOPT PACKING pc=0x00007f98af0d670f sp=0x00007f98cf453440
Event: 4,301 Thread 0x00007f98c802b800 DEOPT UNPACKING pc=0x00007f98aea1e33a sp=0x00007f98cf4529e8 mode 0
Event: 4,301 Thread 0x00007f98c802b800 DEOPT PACKING pc=0x00007f98af0d670f sp=0x00007f98cf453440
Event: 4,301 Thread 0x00007f98c802b800 DEOPT UNPACKING pc=0x00007f98aea1e33a sp=0x00007f98cf4529e8 mode 0
Event: 4,301 Thread 0x00007f98c802b800 DEOPT PACKING pc=0x00007f98af0d670f sp=0x00007f98cf453440
Event: 4,301 Thread 0x00007f98c802b800 DEOPT UNPACKING pc=0x00007f98aea1e33a sp=0x00007f98cf4529e8 mode 0
Event: 4,301 Thread 0x00007f98c802b800 DEOPT PACKING pc=0x00007f98af0d670f sp=0x00007f98cf453440
Event: 4,301 Thread 0x00007f98c802b800 DEOPT UNPACKING pc=0x00007f98aea1e33a sp=0x00007f98cf4529e8 mode 0
Event: 4,301 Thread 0x00007f98c802b800 DEOPT PACKING pc=0x00007f98af0d670f sp=0x00007f98cf453440
Event: 4,301 Thread 0x00007f98c802b800 DEOPT UNPACKING pc=0x00007f98aea1e33a sp=0x00007f98cf4529e8 mode 0
Event: 4,301 Thread 0x00007f98c802b800 DEOPT PACKING pc=0x00007f98af0d670f sp=0x00007f98cf453440
Event: 4,301 Thread 0x00007f98c802b800 DEOPT UNPACKING pc=0x00007f98aea1e33a sp=0x00007f98cf4529e8 mode 0
Event: 4,301 Thread 0x00007f98c802b800 DEOPT PACKING pc=0x00007f98af0d670f sp=0x00007f98cf453440
Event: 4,301 Thread 0x00007f98c802b800 DEOPT UNPACKING pc=0x00007f98aea1e33a sp=0x00007f98cf4529e8 mode 0
Event: 4,301 Thread 0x00007f98c802b800 DEOPT PACKING pc=0x00007f98af0d670f sp=0x00007f98cf453440
Event: 4,301 Thread 0x00007f98c802b800 DEOPT UNPACKING pc=0x00007f98aea1e33a sp=0x00007f98cf4529e8 mode 0

Classes unloaded (3 events):
Event: 4,224 Thread 0x00007f98c818a000 Unloading class 0x0000000800bda040 'java/lang/reflect/AccessibleObject$$Lambda$57'
Event: 4,224 Thread 0x00007f98c818a000 Unloading class 0x0000000800bd8840 'java/util/stream/MatchOps$$Lambda$51'
Event: 4,224 Thread 0x00007f98c818a000 Unloading class 0x0000000800b9e040 'com/mongodb/internal/connection/SocketStreamHelper$$Lambda$48'

Classes redefined (0 events):
No events

Internal exceptions (5 events):
Event: 0,155 Thread 0x00007f98c802b800 Exception <a 'java/lang/NoSuchMethodError'{0x000000008d4d4430}: 'java.lang.Object java.lang.invoke.DirectMethodHandle$Holder.invokeStatic(java.lang.Object, int, java.lang.Object)'> (0x000000008d4d4430) 
thrown [./src/hotspot/share/interpreter/linkResolver.cpp, line 766]
Event: 0,176 Thread 0x00007f98c802b800 Exception <a 'java/lang/ClassNotFoundException'{0x000000008d315728}: sun/util/logging/resources/spi/loggingProvider> (0x000000008d315728) 
thrown [./src/hotspot/share/classfile/systemDictionary.cpp, line 226]
Event: 0,287 Thread 0x00007f98c802b800 Implicit null exception at 0x00007f98b64cbae4 to 0x00007f98b64cc0a8
Event: 0,287 Thread 0x00007f98c802b800 Implicit null exception at 0x00007f98b64ce7e4 to 0x00007f98b64cedcc
Event: 0,306 Thread 0x00007f98c802b800 Exception <a 'java/lang/NoSuchMethodError'{0x000000008ced1350}: 'int java.lang.invoke.DirectMethodHandle$Holder.invokeSpecialIFC(java.lang.Object, java.lang.Object, int)'> (0x000000008ced1350) 
thrown [./src/hotspot/share/interpreter/linkResolver.cpp, line 766]

Events (20 events):
Event: 4,008 Executing VM operation: HandshakeOneThread
Event: 4,008 Executing VM operation: HandshakeOneThread done
Event: 4,008 Executing VM operation: G1Concurrent
Event: 4,008 Executing VM operation: G1Concurrent done
Event: 4,050 Executing VM operation: G1TryInitiateConcMark
Event: 4,052 Executing VM operation: G1TryInitiateConcMark done
Event: 4,054 Executing VM operation: G1Concurrent
Event: 4,090 Executing VM operation: G1Concurrent done
Event: 4,091 Executing VM operation: G1Concurrent
Event: 4,091 Executing VM operation: G1Concurrent done
Event: 4,107 loading class jdk/internal/access/foreign/MemorySegmentProxy
Event: 4,107 loading class jdk/internal/access/foreign/MemorySegmentProxy done
Event: 4,140 Executing VM operation: G1TryInitiateConcMark
Event: 4,141 Executing VM operation: G1TryInitiateConcMark done
Event: 4,144 Executing VM operation: G1Concurrent
Event: 4,235 Executing VM operation: G1Concurrent done
Event: 4,236 Executing VM operation: G1Concurrent
Event: 4,236 Executing VM operation: G1Concurrent done
Event: 4,335 Executing VM operation: G1TryInitiateConcMark
Event: 4,351 Executing VM operation: G1TryInitiateConcMark done


Dynamic libraries:
85c00000-9a800000 rw-p 00000000 00:00 0 
aa900000-ffe00000 ---p 00000000 00:00 0 
ffe00000-ffe56000 rw-p 00bd6000 103:02 1835158                           /home/giuseppe/.jdks/liberica-14.0.2/lib/server/classes.jsa
ffe56000-fff00000 rw-p 00000000 00:00 0 
fff00000-fff82000 rw-p 00b54000 103:02 1835158                           /home/giuseppe/.jdks/liberica-14.0.2/lib/server/classes.jsa
fff82000-100000000 rw-p 00000000 00:00 0 
800000000-800003000 rwxp 00001000 103:02 1835158                         /home/giuseppe/.jdks/liberica-14.0.2/lib/server/classes.jsa
800003000-8003e9000 rw-p 00004000 103:02 1835158                         /home/giuseppe/.jdks/liberica-14.0.2/lib/server/classes.jsa
8003e9000-800b25000 r--p 003ea000 103:02 1835158                         /home/giuseppe/.jdks/liberica-14.0.2/lib/server/classes.jsa
800b25000-800b26000 rw-p 00b26000 103:02 1835158                         /home/giuseppe/.jdks/liberica-14.0.2/lib/server/classes.jsa
800b26000-800c06000 rw-p 00000000 00:00 0 
800c06000-840b26000 ---p 00000000 00:00 0 
55f61988f000-55f619890000 r-xp 00000000 103:02 1835353                   /home/giuseppe/.jdks/liberica-14.0.2/bin/java
55f619a90000-55f619a91000 r--p 00001000 103:02 1835353                   /home/giuseppe/.jdks/liberica-14.0.2/bin/java
55f619a91000-55f619a92000 rw-p 00002000 103:02 1835353                   /home/giuseppe/.jdks/liberica-14.0.2/bin/java
55f61b854000-55f61b875000 rw-p 00000000 00:00 0                          [heap]
7f982c000000-7f982c021000 rw-p 00000000 00:00 0 
7f982c021000-7f9830000000 ---p 00000000 00:00 0 
7f9830000000-7f9830021000 rw-p 00000000 00:00 0 
7f9830021000-7f9834000000 ---p 00000000 00:00 0 
7f9834000000-7f9834021000 rw-p 00000000 00:00 0 
7f9834021000-7f9838000000 ---p 00000000 00:00 0 
7f9838000000-7f9838021000 rw-p 00000000 00:00 0 
7f9838021000-7f983c000000 ---p 00000000 00:00 0 
7f983c000000-7f983c021000 rw-p 00000000 00:00 0 
7f983c021000-7f9840000000 ---p 00000000 00:00 0 
7f9840000000-7f9840021000 rw-p 00000000 00:00 0 
7f9840021000-7f9844000000 ---p 00000000 00:00 0 
7f9844000000-7f9844021000 rw-p 00000000 00:00 0 
7f9844021000-7f9848000000 ---p 00000000 00:00 0 
7f984b54a000-7f984b8f2000 rw-p 00000000 00:00 0 
7f984b8f2000-7f984b8f3000 ---p 00000000 00:00 0 
7f984b8f3000-7f984b9f4000 rw-p 00000000 00:00 0 
7f984b9f4000-7f984b9f5000 ---p 00000000 00:00 0 
7f984b9f5000-7f984baf6000 rw-p 00000000 00:00 0 
7f984baf6000-7f984baf7000 ---p 00000000 00:00 0 
7f984baf7000-7f984bbf8000 rw-p 00000000 00:00 0 
7f984bbf8000-7f984bbf9000 ---p 00000000 00:00 0 
7f984bbf9000-7f984bcfa000 rw-p 00000000 00:00 0 
7f984bcfa000-7f984bcfb000 ---p 00000000 00:00 0 
7f984bcfb000-7f984bdfc000 rw-p 00000000 00:00 0 
7f984bdfc000-7f984bdfd000 ---p 00000000 00:00 0 
7f984bdfd000-7f984befe000 rw-p 00000000 00:00 0 
7f984befe000-7f984beff000 ---p 00000000 00:00 0 
7f984beff000-7f984c000000 rw-p 00000000 00:00 0 
7f984c000000-7f984c021000 rw-p 00000000 00:00 0 
7f984c021000-7f9850000000 ---p 00000000 00:00 0 
7f9850000000-7f9850021000 rw-p 00000000 00:00 0 
7f9850021000-7f9854000000 ---p 00000000 00:00 0 
7f9854000000-7f985402d000 rw-p 00000000 00:00 0 
7f985402d000-7f9858000000 ---p 00000000 00:00 0 
7f9858000000-7f9858024000 rw-p 00000000 00:00 0 
7f9858024000-7f985c000000 ---p 00000000 00:00 0 
7f985c000000-7f985c021000 rw-p 00000000 00:00 0 
7f985c021000-7f9860000000 ---p 00000000 00:00 0 
7f9860000000-7f9860021000 rw-p 00000000 00:00 0 
7f9860021000-7f9864000000 ---p 00000000 00:00 0 
7f9864000000-7f9864021000 rw-p 00000000 00:00 0 
7f9864021000-7f9868000000 ---p 00000000 00:00 0 
7f9868000000-7f9868021000 rw-p 00000000 00:00 0 
7f9868021000-7f986c000000 ---p 00000000 00:00 0 
7f986c000000-7f986c021000 rw-p 00000000 00:00 0 
7f986c021000-7f9870000000 ---p 00000000 00:00 0 
7f9870000000-7f9870021000 rw-p 00000000 00:00 0 
7f9870021000-7f9874000000 ---p 00000000 00:00 0 
7f9874000000-7f9874471000 rw-p 00000000 00:00 0 
7f9874471000-7f9878000000 ---p 00000000 00:00 0 
7f9878000000-7f98782e7000 rw-p 00000000 00:00 0 
7f98782e7000-7f987c000000 ---p 00000000 00:00 0 
7f987c000000-7f987c021000 rw-p 00000000 00:00 0 
7f987c021000-7f9880000000 ---p 00000000 00:00 0 
7f9880000000-7f9880021000 rw-p 00000000 00:00 0 
7f9880021000-7f9884000000 ---p 00000000 00:00 0 
7f9884000000-7f9884021000 rw-p 00000000 00:00 0 
7f9884021000-7f9888000000 ---p 00000000 00:00 0 
7f9888000000-7f9888021000 rw-p 00000000 00:00 0 
7f9888021000-7f988c000000 ---p 00000000 00:00 0 
7f988c000000-7f988c021000 rw-p 00000000 00:00 0 
7f988c021000-7f9890000000 ---p 00000000 00:00 0 
7f9890000000-7f9890021000 rw-p 00000000 00:00 0 
7f9890021000-7f9894000000 ---p 00000000 00:00 0 
7f9894000000-7f9894021000 rw-p 00000000 00:00 0 
7f9894021000-7f9898000000 ---p 00000000 00:00 0 
7f98980d6000-7f98980d7000 ---p 00000000 00:00 0 
7f98980d7000-7f98981d8000 rw-p 00000000 00:00 0 
7f98981d8000-7f98981d9000 ---p 00000000 00:00 0 
7f98981d9000-7f98982da000 rw-p 00000000 00:00 0 
7f98982da000-7f98982e7000 r-xp 00000000 103:02 1835120                   /home/giuseppe/.jdks/liberica-14.0.2/lib/libverify.so
7f98982e7000-7f98984e6000 ---p 0000d000 103:02 1835120                   /home/giuseppe/.jdks/liberica-14.0.2/lib/libverify.so
7f98984e6000-7f98984e8000 r--p 0000c000 103:02 1835120                   /home/giuseppe/.jdks/liberica-14.0.2/lib/libverify.so
7f98984e8000-7f98984e9000 rw-p 0000e000 103:02 1835120                   /home/giuseppe/.jdks/liberica-14.0.2/lib/libverify.so
7f98984e9000-7f98984ed000 ---p 00000000 00:00 0 
7f98984ed000-7f98985ea000 rw-p 00000000 00:00 0 
7f98985ea000-7f98985ee000 ---p 00000000 00:00 0 
7f98985ee000-7f98986eb000 rw-p 00000000 00:00 0 
7f98986eb000-7f98986ef000 ---p 00000000 00:00 0 
7f98986ef000-7f98987ec000 rw-p 00000000 00:00 0 
7f98987ec000-7f98987ee000 r-xp 00000000 103:02 1835171                   /home/giuseppe/.jdks/liberica-14.0.2/lib/libextnet.so
7f98987ee000-7f98989ed000 ---p 00002000 103:02 1835171                   /home/giuseppe/.jdks/liberica-14.0.2/lib/libextnet.so
7f98989ed000-7f98989ee000 r--p 00001000 103:02 1835171                   /home/giuseppe/.jdks/liberica-14.0.2/lib/libextnet.so
7f98989ee000-7f98989ef000 rw-p 00002000 103:02 1835171                   /home/giuseppe/.jdks/liberica-14.0.2/lib/libextnet.so
7f98989ef000-7f98989f0000 ---p 00000000 00:00 0 
7f98989f0000-7f9898af1000 rw-p 00000000 00:00 0 
7f9898af1000-7f9898af5000 ---p 00000000 00:00 0 
7f9898af5000-7f9898bf2000 rw-p 00000000 00:00 0 
7f9898bf2000-7f9898bf6000 ---p 00000000 00:00 0 
7f9898bf6000-7f9898cf3000 rw-p 00000000 00:00 0 
7f9898cf3000-7f9898d08000 r-xp 00000000 103:02 1835116                   /home/giuseppe/.jdks/liberica-14.0.2/lib/libnet.so
7f9898d08000-7f9898f07000 ---p 00015000 103:02 1835116                   /home/giuseppe/.jdks/liberica-14.0.2/lib/libnet.so
7f9898f07000-7f9898f08000 r--p 00014000 103:02 1835116                   /home/giuseppe/.jdks/liberica-14.0.2/lib/libnet.so
7f9898f08000-7f9898f09000 rw-p 00015000 103:02 1835116                   /home/giuseppe/.jdks/liberica-14.0.2/lib/libnet.so
7f9898f09000-7f9898f1b000 r-xp 00000000 103:02 1835199                   /home/giuseppe/.jdks/liberica-14.0.2/lib/libnio.so
7f9898f1b000-7f989911a000 ---p 00012000 103:02 1835199                   /home/giuseppe/.jdks/liberica-14.0.2/lib/libnio.so
7f989911a000-7f989911b000 r--p 00011000 103:02 1835199                   /home/giuseppe/.jdks/liberica-14.0.2/lib/libnio.so
7f989911b000-7f989911c000 rw-p 00012000 103:02 1835199                   /home/giuseppe/.jdks/liberica-14.0.2/lib/libnio.so
7f989911c000-7f9899120000 ---p 00000000 00:00 0 
7f9899120000-7f989921d000 rw-p 00000000 00:00 0 
7f989921d000-7f9899221000 ---p 00000000 00:00 0 
7f9899221000-7f989931e000 rw-p 00000000 00:00 0 
7f989931e000-7f9899322000 ---p 00000000 00:00 0 
7f9899322000-7f989941f000 rw-p 00000000 00:00 0 
7f989941f000-7f9899423000 ---p 00000000 00:00 0 
7f9899423000-7f9899520000 rw-p 00000000 00:00 0 
7f9899520000-7f9899800000 r--p 00000000 103:02 21476                     /usr/lib/locale/locale-archive
7f9899800000-7f9899e40000 rw-p 00000000 00:00 0 
7f9899e40000-7f989a000000 ---p 00000000 00:00 0 
7f989a000000-7f989c000000 rw-p 00000000 00:00 0 
7f989c000000-7f989c021000 rw-p 00000000 00:00 0 
7f989c021000-7f98a0000000 ---p 00000000 00:00 0 
7f98a0000000-7f98a0021000 rw-p 00000000 00:00 0 
7f98a0021000-7f98a4000000 ---p 00000000 00:00 0 
7f98a4000000-7f98a4021000 rw-p 00000000 00:00 0 
7f98a4021000-7f98a8000000 ---p 00000000 00:00 0 
7f98a80c4000-7f98a80c8000 ---p 00000000 00:00 0 
7f98a80c8000-7f98a81c5000 rw-p 00000000 00:00 0 
7f98a81c5000-7f98a81c9000 ---p 00000000 00:00 0 
7f98a81c9000-7f98a82c6000 rw-p 00000000 00:00 0 
7f98a82c6000-7f98a82ca000 ---p 00000000 00:00 0 
7f98a82ca000-7f98a83c7000 rw-p 00000000 00:00 0 
7f98a83c7000-7f98a83cb000 ---p 00000000 00:00 0 
7f98a83cb000-7f98a84c8000 rw-p 00000000 00:00 0 
7f98a84c8000-7f98a84c9000 ---p 00000000 00:00 0 
7f98a84c9000-7f98a864b000 rw-p 00000000 00:00 0 
7f98a864b000-7f98a864c000 ---p 00000000 00:00 0 
7f98a864c000-7f98a874d000 rw-p 00000000 00:00 0 
7f98a874d000-7f98a874e000 ---p 00000000 00:00 0 
7f98a874e000-7f98a9259000 rw-p 00000000 00:00 0 
7f98a9259000-7f98a925a000 ---p 00000000 00:00 0 
7f98a925a000-7f98a935b000 rw-p 00000000 00:00 0 
7f98a935b000-7f98a935c000 ---p 00000000 00:00 0 
7f98a935c000-7f98a945d000 rw-p 00000000 00:00 0 
7f98a945d000-7f98a945e000 ---p 00000000 00:00 0 
7f98a945e000-7f98a9a8f000 rw-p 00000000 00:00 0 
7f98a9a8f000-7f98ab3e7000 ---p 00000000 00:00 0 
7f98ab3e7000-7f98ab91f000 rw-p 00000000 00:00 0 
7f98ab91f000-7f98ad277000 ---p 00000000 00:00 0 
7f98ad277000-7f98ad325000 rw-p 00000000 00:00 0 
7f98ad325000-7f98ad650000 ---p 00000000 00:00 0 
7f98ad650000-7f98ad6f7000 rw-p 00000000 00:00 0 
7f98ad6f7000-7f98ada22000 ---p 00000000 00:00 0 
7f98ada22000-7f98adac9000 rw-p 00000000 00:00 0 
7f98adac9000-7f98addf4000 ---p 00000000 00:00 0 
7f98addf4000-7f98ae804000 rw-p 00000000 00:00 0 
7f98ae804000-7f98ae8ea000 ---p 00000000 00:00 0 
7f98ae8ea000-7f98ae8ef000 rw-p 00000000 00:00 0 
7f98ae8ef000-7f98ae9d5000 ---p 00000000 00:00 0 
7f98ae9d5000-7f98aec45000 rwxp 00000000 00:00 0 
7f98aec45000-7f98aef67000 ---p 00000000 00:00 0 
7f98aef67000-7f98af1d7000 rwxp 00000000 00:00 0 
7f98af1d7000-7f98b649e000 ---p 00000000 00:00 0 
7f98b649e000-7f98b670e000 rwxp 00000000 00:00 0 
7f98b670e000-7f98bd9d5000 ---p 00000000 00:00 0 
7f98bd9d5000-7f98c79cc000 r--s 00000000 103:02 1835193                   /home/giuseppe/.jdks/liberica-14.0.2/lib/modules
7f98c79cc000-7f98c79d3000 r-xp 00000000 103:02 1835146                   /home/giuseppe/.jdks/liberica-14.0.2/lib/libzip.so
7f98c79d3000-7f98c7bd2000 ---p 00007000 103:02 1835146                   /home/giuseppe/.jdks/liberica-14.0.2/lib/libzip.so
7f98c7bd2000-7f98c7bd3000 r--p 00006000 103:02 1835146                   /home/giuseppe/.jdks/liberica-14.0.2/lib/libzip.so
7f98c7bd3000-7f98c7bd4000 rw-p 00007000 103:02 1835146                   /home/giuseppe/.jdks/liberica-14.0.2/lib/libzip.so
7f98c7bd4000-7f98c7bdf000 r-xp 00000000 103:02 10874                     /lib/x86_64-linux-gnu/libnss_files-2.27.so
7f98c7bdf000-7f98c7dde000 ---p 0000b000 103:02 10874                     /lib/x86_64-linux-gnu/libnss_files-2.27.so
7f98c7dde000-7f98c7ddf000 r--p 0000a000 103:02 10874                     /lib/x86_64-linux-gnu/libnss_files-2.27.so
7f98c7ddf000-7f98c7de0000 rw-p 0000b000 103:02 10874                     /lib/x86_64-linux-gnu/libnss_files-2.27.so
7f98c7de0000-7f98c7de6000 rw-p 00000000 00:00 0 
7f98c7de6000-7f98c7dfd000 r-xp 00000000 103:02 10868                     /lib/x86_64-linux-gnu/libnsl-2.27.so
7f98c7dfd000-7f98c7ffc000 ---p 00017000 103:02 10868                     /lib/x86_64-linux-gnu/libnsl-2.27.so
7f98c7ffc000-7f98c7ffd000 r--p 00016000 103:02 10868                     /lib/x86_64-linux-gnu/libnsl-2.27.so
7f98c7ffd000-7f98c7ffe000 rw-p 00017000 103:02 10868                     /lib/x86_64-linux-gnu/libnsl-2.27.so
7f98c7ffe000-7f98c8000000 rw-p 00000000 00:00 0 
7f98c8000000-7f98c84c7000 rw-p 00000000 00:00 0 
7f98c84c7000-7f98cc000000 ---p 00000000 00:00 0 
7f98cc079000-7f98cc0d4000 rw-p 00000000 00:00 0 
7f98cc0d4000-7f98cc0df000 r-xp 00000000 103:02 10885                     /lib/x86_64-linux-gnu/libnss_nis-2.27.so
7f98cc0df000-7f98cc2de000 ---p 0000b000 103:02 10885                     /lib/x86_64-linux-gnu/libnss_nis-2.27.so
7f98cc2de000-7f98cc2df000 r--p 0000a000 103:02 10885                     /lib/x86_64-linux-gnu/libnss_nis-2.27.so
7f98cc2df000-7f98cc2e0000 rw-p 0000b000 103:02 10885                     /lib/x86_64-linux-gnu/libnss_nis-2.27.so
7f98cc2e0000-7f98cc2e8000 r-xp 00000000 103:02 10870                     /lib/x86_64-linux-gnu/libnss_compat-2.27.so
7f98cc2e8000-7f98cc4e8000 ---p 00008000 103:02 10870                     /lib/x86_64-linux-gnu/libnss_compat-2.27.so
7f98cc4e8000-7f98cc4e9000 r--p 00008000 103:02 10870                     /lib/x86_64-linux-gnu/libnss_compat-2.27.so
7f98cc4e9000-7f98cc4ea000 rw-p 00009000 103:02 10870                     /lib/x86_64-linux-gnu/libnss_compat-2.27.so
7f98cc4ea000-7f98cc50f000 r-xp 00000000 103:02 1835130                   /home/giuseppe/.jdks/liberica-14.0.2/lib/libjava.so
7f98cc50f000-7f98cc70e000 ---p 00025000 103:02 1835130                   /home/giuseppe/.jdks/liberica-14.0.2/lib/libjava.so
7f98cc70e000-7f98cc70f000 r--p 00024000 103:02 1835130                   /home/giuseppe/.jdks/liberica-14.0.2/lib/libjava.so
7f98cc70f000-7f98cc711000 rw-p 00025000 103:02 1835130                   /home/giuseppe/.jdks/liberica-14.0.2/lib/libjava.so
7f98cc711000-7f98cc71b000 r-xp 00000000 103:02 1835173                   /home/giuseppe/.jdks/liberica-14.0.2/lib/libinstrument.so
7f98cc71b000-7f98cc91a000 ---p 0000a000 103:02 1835173                   /home/giuseppe/.jdks/liberica-14.0.2/lib/libinstrument.so
7f98cc91a000-7f98cc91b000 r--p 00009000 103:02 1835173                   /home/giuseppe/.jdks/liberica-14.0.2/lib/libinstrument.so
7f98cc91b000-7f98cc91c000 rw-p 0000a000 103:02 1835173                   /home/giuseppe/.jdks/liberica-14.0.2/lib/libinstrument.so
7f98cc91c000-7f98cc937000 r-xp 00000000 103:02 1835180                   /home/giuseppe/.jdks/liberica-14.0.2/lib/libjimage.so
7f98cc937000-7f98ccb36000 ---p 0001b000 103:02 1835180                   /home/giuseppe/.jdks/liberica-14.0.2/lib/libjimage.so
7f98ccb36000-7f98ccb38000 r--p 0001a000 103:02 1835180                   /home/giuseppe/.jdks/liberica-14.0.2/lib/libjimage.so
7f98ccb38000-7f98ccb39000 rw-p 0001c000 103:02 1835180                   /home/giuseppe/.jdks/liberica-14.0.2/lib/libjimage.so
7f98ccb39000-7f98ccb40000 r-xp 00000000 103:02 10925                     /lib/x86_64-linux-gnu/librt-2.27.so
7f98ccb40000-7f98ccd3f000 ---p 00007000 103:02 10925                     /lib/x86_64-linux-gnu/librt-2.27.so
7f98ccd3f000-7f98ccd40000 r--p 00006000 103:02 10925                     /lib/x86_64-linux-gnu/librt-2.27.so
7f98ccd40000-7f98ccd41000 rw-p 00007000 103:02 10925                     /lib/x86_64-linux-gnu/librt-2.27.so
7f98ccd41000-7f98ccede000 r-xp 00000000 103:02 10847                     /lib/x86_64-linux-gnu/libm-2.27.so
7f98ccede000-7f98cd0dd000 ---p 0019d000 103:02 10847                     /lib/x86_64-linux-gnu/libm-2.27.so
7f98cd0dd000-7f98cd0de000 r--p 0019c000 103:02 10847                     /lib/x86_64-linux-gnu/libm-2.27.so
7f98cd0de000-7f98cd0df000 rw-p 0019d000 103:02 10847                     /lib/x86_64-linux-gnu/libm-2.27.so
7f98cd0df000-7f98ce2aa000 r-xp 00000000 103:02 1835157                   /home/giuseppe/.jdks/liberica-14.0.2/lib/server/libjvm.so
7f98ce2aa000-7f98ce4a9000 ---p 011cb000 103:02 1835157                   /home/giuseppe/.jdks/liberica-14.0.2/lib/server/libjvm.so
7f98ce4a9000-7f98ce551000 r--p 011ca000 103:02 1835157                   /home/giuseppe/.jdks/liberica-14.0.2/lib/server/libjvm.so
7f98ce551000-7f98ce58b000 rw-p 01272000 103:02 1835157                   /home/giuseppe/.jdks/liberica-14.0.2/lib/server/libjvm.so
7f98ce58b000-7f98ce60c000 rw-p 00000000 00:00 0 
7f98ce60c000-7f98ce7f3000 r-xp 00000000 103:02 10785                     /lib/x86_64-linux-gnu/libc-2.27.so
7f98ce7f3000-7f98ce9f3000 ---p 001e7000 103:02 10785                     /lib/x86_64-linux-gnu/libc-2.27.so
7f98ce9f3000-7f98ce9f7000 r--p 001e7000 103:02 10785                     /lib/x86_64-linux-gnu/libc-2.27.so
7f98ce9f7000-7f98ce9f9000 rw-p 001eb000 103:02 10785                     /lib/x86_64-linux-gnu/libc-2.27.so
7f98ce9f9000-7f98ce9fd000 rw-p 00000000 00:00 0 
7f98ce9fd000-7f98cea00000 r-xp 00000000 103:02 10808                     /lib/x86_64-linux-gnu/libdl-2.27.so
7f98cea00000-7f98cebff000 ---p 00003000 103:02 10808                     /lib/x86_64-linux-gnu/libdl-2.27.so
7f98cebff000-7f98cec00000 r--p 00002000 103:02 10808                     /lib/x86_64-linux-gnu/libdl-2.27.so
7f98cec00000-7f98cec01000 rw-p 00003000 103:02 10808                     /lib/x86_64-linux-gnu/libdl-2.27.so
7f98cec01000-7f98cec1b000 r-xp 00000000 103:02 10917                     /lib/x86_64-linux-gnu/libpthread-2.27.so
7f98cec1b000-7f98cee1a000 ---p 0001a000 103:02 10917                     /lib/x86_64-linux-gnu/libpthread-2.27.so
7f98cee1a000-7f98cee1b000 r--p 00019000 103:02 10917                     /lib/x86_64-linux-gnu/libpthread-2.27.so
7f98cee1b000-7f98cee1c000 rw-p 0001a000 103:02 10917                     /lib/x86_64-linux-gnu/libpthread-2.27.so
7f98cee1c000-7f98cee20000 rw-p 00000000 00:00 0 
7f98cee20000-7f98cee2f000 r-xp 00000000 103:02 1835129                   /home/giuseppe/.jdks/liberica-14.0.2/lib/libjli.so
7f98cee2f000-7f98cf02e000 ---p 0000f000 103:02 1835129                   /home/giuseppe/.jdks/liberica-14.0.2/lib/libjli.so
7f98cf02e000-7f98cf02f000 r--p 0000e000 103:02 1835129                   /home/giuseppe/.jdks/liberica-14.0.2/lib/libjli.so
7f98cf02f000-7f98cf030000 rw-p 0000f000 103:02 1835129                   /home/giuseppe/.jdks/liberica-14.0.2/lib/libjli.so
7f98cf030000-7f98cf04c000 r-xp 00000000 103:02 10958                     /lib/x86_64-linux-gnu/libz.so.1.2.11
7f98cf04c000-7f98cf24b000 ---p 0001c000 103:02 10958                     /lib/x86_64-linux-gnu/libz.so.1.2.11
7f98cf24b000-7f98cf24c000 r--p 0001b000 103:02 10958                     /lib/x86_64-linux-gnu/libz.so.1.2.11
7f98cf24c000-7f98cf24d000 rw-p 0001c000 103:02 10958                     /lib/x86_64-linux-gnu/libz.so.1.2.11
7f98cf24d000-7f98cf274000 r-xp 00000000 103:02 10758                     /lib/x86_64-linux-gnu/ld-2.27.so
7f98cf294000-7f98cf354000 rw-p 00000000 00:00 0 
7f98cf354000-7f98cf358000 ---p 00000000 00:00 0 
7f98cf358000-7f98cf459000 rw-p 00000000 00:00 0 
7f98cf45d000-7f98cf462000 rw-p 00000000 00:00 0 
7f98cf462000-7f98cf469000 ---p 00000000 00:00 0 
7f98cf469000-7f98cf471000 rw-s 00000000 103:02 2230449                   /tmp/hsperfdata_giuseppe/23115
7f98cf471000-7f98cf472000 ---p 00000000 00:00 0 
7f98cf472000-7f98cf473000 r--p 00000000 00:00 0 
7f98cf473000-7f98cf474000 ---p 00000000 00:00 0 
7f98cf474000-7f98cf475000 r--p 00027000 103:02 10758                     /lib/x86_64-linux-gnu/ld-2.27.so
7f98cf475000-7f98cf476000 rw-p 00028000 103:02 10758                     /lib/x86_64-linux-gnu/ld-2.27.so
7f98cf476000-7f98cf477000 rw-p 00000000 00:00 0 
7ffcc661d000-7ffcc663e000 rw-p 00000000 00:00 0                          [stack]
7ffcc6693000-7ffcc6696000 r--p 00000000 00:00 0                          [vvar]
7ffcc6696000-7ffcc6697000 r-xp 00000000 00:00 0                          [vdso]
ffffffffff600000-ffffffffff601000 r-xp 00000000 00:00 0                  [vsyscall]


VM Arguments:
jvm_args: -javaagent:/home/giuseppe/Scaricati/idea-IU-202.7660.26/lib/idea_rt.jar=39063:/home/giuseppe/Scaricati/idea-IU-202.7660.26/bin -Dfile.encoding=UTF-8 
java_command: it.unipi.dii.inginf.lsdb.group9.visiteasy.Main
java_class_path (initial): /home/giuseppe/Scrivania/VisitEasy/target/classes:/home/giuseppe/.m2/repository/org/mongodb/mongodb-driver-sync/4.1.1/mongodb-driver-sync-4.1.1.jar:/home/giuseppe/.m2/repository/org/mongodb/bson/4.1.1/bson-4.1.1.jar:/home/giuseppe/.m2/repository/org/mongodb/mongodb-driver-core/4.1.1/mongodb-driver-core-4.1.1.jar:/home/giuseppe/.m2/repository/org/json/json/20090211/json-20090211.jar:/home/giuseppe/.m2/repository/org/mongodb/mongo-java-driver/3.12.7/mongo-java-driver-3.12.7.jar:/home/giuseppe/.m2/repository/commons-io/commons-io/1.4/commons-io-1.4.jar
Launcher Type: SUN_STANDARD

[Global flags]
     intx CICompilerCount                          = 4                                         {product} {ergonomic}
     uint ConcGCThreads                            = 3                                         {product} {ergonomic}
     uint G1ConcRefinementThreads                  = 10                                        {product} {ergonomic}
   size_t G1HeapRegionSize                         = 1048576                                   {product} {ergonomic}
    uintx GCDrainStackTargetSize                   = 64                                        {product} {ergonomic}
   size_t InitialHeapSize                          = 130023424                                 {product} {ergonomic}
   size_t MarkStackSize                            = 4194304                                   {product} {ergonomic}
   size_t MaxHeapSize                              = 2051014656                                {product} {ergonomic}
   size_t MaxNewSize                               = 1229979648                                {product} {ergonomic}
   size_t MinHeapDeltaBytes                        = 1048576                                   {product} {ergonomic}
   size_t MinHeapSize                              = 8388608                                   {product} {ergonomic}
    uintx NonNMethodCodeHeapSize                   = 5839372                                {pd product} {ergonomic}
    uintx NonProfiledCodeHeapSize                  = 122909434                              {pd product} {ergonomic}
    uintx ProfiledCodeHeapSize                     = 122909434                              {pd product} {ergonomic}
    uintx ReservedCodeCacheSize                    = 251658240                              {pd product} {ergonomic}
     bool SegmentedCodeCache                       = true                                      {product} {ergonomic}
   size_t SoftMaxHeapSize                          = 2051014656                             {manageable} {ergonomic}
     bool UseCompressedClassPointers               = true                                 {lp64_product} {ergonomic}
     bool UseCompressedOops                        = true                                 {lp64_product} {ergonomic}
     bool UseG1GC                                  = true                                      {product} {ergonomic}

Logging:
Log output configuration:
 #0: stdout all=warning uptime,level,tags
 #1: stderr all=off uptime,level,tags

Environment Variables:
PATH=/usr/local/sbin:/usr/local/bin:/usr/sbin:/usr/bin:/sbin:/bin:/usr/games:/usr/local/games:/snap/bin
SHELL=/bin/bash
DISPLAY=:0

Signal Handlers:
SIGSEGV: [libjvm.so+0xea65b0], sa_mask[0]=11111111011111111101111111111110, sa_flags=SA_RESTART|SA_SIGINFO
SIGBUS: [libjvm.so+0xea65b0], sa_mask[0]=11111111011111111101111111111110, sa_flags=SA_RESTART|SA_SIGINFO
SIGFPE: [libjvm.so+0xea65b0], sa_mask[0]=11111111011111111101111111111110, sa_flags=SA_RESTART|SA_SIGINFO
SIGPIPE: [libjvm.so+0xbb97e0], sa_mask[0]=11111111011111111101111111111110, sa_flags=SA_RESTART|SA_SIGINFO
SIGXFSZ: [libjvm.so+0xbb97e0], sa_mask[0]=11111111011111111101111111111110, sa_flags=SA_RESTART|SA_SIGINFO
SIGILL: [libjvm.so+0xea65b0], sa_mask[0]=11111111011111111101111111111110, sa_flags=SA_RESTART|SA_SIGINFO
SIGUSR2: [libjvm.so+0xbb9680], sa_mask[0]=00100000000000000000000000000000, sa_flags=SA_RESTART|SA_SIGINFO
SIGHUP: [libjvm.so+0xbb9c80], sa_mask[0]=11111111011111111101111111111110, sa_flags=SA_RESTART|SA_SIGINFO
SIGINT: [libjvm.so+0xbb9c80], sa_mask[0]=11111111011111111101111111111110, sa_flags=SA_RESTART|SA_SIGINFO
SIGTERM: [libjvm.so+0xbb9c80], sa_mask[0]=11111111011111111101111111111110, sa_flags=SA_RESTART|SA_SIGINFO
SIGQUIT: [libjvm.so+0xbb9c80], sa_mask[0]=11111111011111111101111111111110, sa_flags=SA_RESTART|SA_SIGINFO


---------------  S Y S T E M  ---------------

OS:DISTRIB_ID=LinuxMint
DISTRIB_RELEASE=19.3
DISTRIB_CODENAME=tricia
DISTRIB_DESCRIPTION="Linux Mint 19.3 Tricia"
uname:Linux 5.0.0-32-generic #34~18.04.2-Ubuntu SMP Thu Oct 10 10:36:02 UTC 2019 x86_64
OS uptime: 0 days 8:23 hours
libc:glibc 2.27 NPTL 2.27 
rlimit: STACK 8192k, CORE 0k, NPROC 31022, NOFILE 1048576, AS infinity, DATA infinity, FSIZE infinity
load average:2,49 2,17 1,40

/proc/meminfo:
MemTotal:        8011652 kB
MemFree:          109912 kB
MemAvailable:      19572 kB
Buffers:             908 kB
Cached:           448480 kB
SwapCached:        35760 kB
Active:          6679272 kB
Inactive:         852624 kB
Active(anon):    6651784 kB
Inactive(anon):   831452 kB
Active(file):      27488 kB
Inactive(file):    21172 kB
Unevictable:        1492 kB
Mlocked:             160 kB
SwapTotal:       2097148 kB
SwapFree:              0 kB
Dirty:                40 kB
Writeback:            56 kB
AnonPages:       7049632 kB
Mapped:           153004 kB
Shmem:            399404 kB
KReclaimable:      52628 kB
Slab:             147316 kB
SReclaimable:      52628 kB
SUnreclaim:        94688 kB
KernelStack:       23680 kB
PageTables:       102400 kB
NFS_Unstable:          0 kB
Bounce:                0 kB
WritebackTmp:          0 kB
CommitLimit:     6102972 kB
Committed_AS:   21772148 kB
VmallocTotal:   34359738367 kB
VmallocUsed:           0 kB
VmallocChunk:          0 kB
Percpu:             4544 kB
HardwareCorrupted:     0 kB
AnonHugePages:         0 kB
ShmemHugePages:        0 kB
ShmemPmdMapped:        0 kB
CmaTotal:              0 kB
CmaFree:               0 kB
HugePages_Total:       0
HugePages_Free:        0
HugePages_Rsvd:        0
HugePages_Surp:        0
Hugepagesize:       2048 kB
Hugetlb:               0 kB
DirectMap4k:      374404 kB
DirectMap2M:     7862272 kB
DirectMap1G:           0 kB


/proc/sys/kernel/threads-max (system-wide limit on the number of threads):
62045


/proc/sys/vm/max_map_count (maximum number of memory map areas a process may have):
65530


/proc/sys/kernel/pid_max (system-wide limit on number of process identifiers):
32768



container (cgroup) information:
container_type: cgroupv1
cpu_cpuset_cpus: 0-11
cpu_memory_nodes: 0
active_processor_count: 12
cpu_quota: no quota
cpu_period: 100000
cpu_shares: no shares
memory_limit_in_bytes: unlimited
memory_and_swap_limit_in_bytes: not supported
memory_soft_limit_in_bytes: unlimited
memory_usage_in_bytes: 7692562432
memory_max_usage_in_bytes: 211259392

Steal ticks since vm start: 0
Steal ticks percentage since vm start:  0,000

CPU:total 12 (initial active 12) (6 cores per cpu, 2 threads per core) family 6 model 158 stepping 10, cmov, cx8, fxsr, mmx, sse, sse2, sse3, ssse3, sse4.1, sse4.2, popcnt, avx, avx2, aes, clmul, erms, 3dnowpref, lzcnt, ht, tsc, tscinvbit, bmi1, bmi2, adx, fma
CPU Model and flags from /proc/cpuinfo:
model name	: Intel(R) Core(TM) i7-8750H CPU @ 2.20GHz
flags		: fpu vme de pse tsc msr pae mce cx8 apic sep mtrr pge mca cmov pat pse36 clflush dts acpi mmx fxsr sse sse2 ss ht tm pbe syscall nx pdpe1gb rdtscp lm constant_tsc art arch_perfmon pebs bts rep_good nopl xtopology nonstop_tsc cpuid aperfmperf tsc_known_freq pni pclmulqdq dtes64 monitor ds_cpl vmx est tm2 ssse3 sdbg fma cx16 xtpr pdcm pcid sse4_1 sse4_2 x2apic movbe popcnt tsc_deadline_timer aes xsave avx f16c rdrand lahf_lm abm 3dnowprefetch cpuid_fault epb invpcid_single pti ssbd ibrs ibpb stibp tpr_shadow vnmi flexpriority ept vpid ept_ad fsgsbase tsc_adjust bmi1 avx2 smep bmi2 erms invpcid mpx rdseed adx smap clflushopt intel_pt xsaveopt xsavec xgetbv1 xsaves dtherm ida arat pln pts hwp hwp_notify hwp_act_window hwp_epp flush_l1d

Memory: 4k page, physical 8011652k(109912k free), swap 2097148k(0k free)

vm_info: OpenJDK 64-Bit Server VM (14.0.2+13) for linux-amd64 JRE (14.0.2+13), built on Jul 11 2020 14:42:50 by "bellsoft" with gcc 7.3.1 20180303 (Red Hat 7.3.1-5)

END.
